{"meta": {"format": 3, "version": "7.13.1", "timestamp": "2026-02-13T14:31:04.211720", "branch_coverage": false, "show_contexts": false}, "files": {"ai_worker\\__init__.py": {"executed_lines": [1, 2], "summary": {"covered_lines": 2, "num_statements": 2, "percent_covered": 100.0, "percent_covered_display": "100", "missing_lines": 0, "excluded_lines": 0, "percent_statements_covered": 100.0, "percent_statements_covered_display": "100"}, "missing_lines": [], "excluded_lines": [], "functions": {"": {"executed_lines": [1, 2], "summary": {"covered_lines": 2, "num_statements": 2, "percent_covered": 100.0, "percent_covered_display": "100", "missing_lines": 0, "excluded_lines": 0, "percent_statements_covered": 100.0, "percent_statements_covered_display": "100"}, "missing_lines": [], "excluded_lines": [], "start_line": 1}}, "classes": {"": {"executed_lines": [1, 2], "summary": {"covered_lines": 2, "num_statements": 2, "percent_covered": 100.0, "percent_covered_display": "100", "missing_lines": 0, "excluded_lines": 0, "percent_statements_covered": 100.0, "percent_statements_covered_display": "100"}, "missing_lines": [], "excluded_lines": [], "start_line": 1}}}, "ai_worker\\agent.py": {"executed_lines": [1, 2, 3, 4, 7, 8, 9, 10, 11, 12, 15, 18, 19, 21, 22, 23, 26, 29, 30, 33, 34, 35, 36, 39, 42, 207, 230, 232, 235], "summary": {"covered_lines": 29, "num_statements": 115, "percent_covered": 25.217391304347824, "percent_covered_display": "25", "missing_lines": 86, "excluded_lines": 0, "percent_statements_covered": 25.217391304347824, "percent_statements_covered_display": "25"}, "missing_lines": [43, 45, 48, 49, 52, 53, 54, 55, 58, 59, 60, 63, 64, 65, 66, 67, 68, 71, 72, 73, 76, 98, 99, 100, 103, 104, 105, 106, 107, 108, 109, 110, 113, 114, 115, 119, 120, 122, 123, 130, 133, 135, 136, 138, 139, 140, 141, 142, 143, 148, 150, 153, 155, 156, 164, 165, 168, 169, 171, 172, 173, 175, 176, 177, 179, 180, 181, 184, 185, 186, 187, 194, 195, 197, 198, 200, 202, 203, 204, 205, 209, 210, 212, 226, 227, 228], "excluded_lines": [], "functions": {"BotAgent.__init__": {"executed_lines": [23, 26, 29, 30, 33, 34, 35, 36, 39], "summary": {"covered_lines": 9, "num_statements": 9, "percent_covered": 100.0, "percent_covered_display": "100", "missing_lines": 0, "excluded_lines": 0, "percent_statements_covered": 100.0, "percent_statements_covered_display": "100"}, "missing_lines": [], "excluded_lines": [], "start_line": 22}, "BotAgent.get_decision": {"executed_lines": [], "summary": {"covered_lines": 0, "num_statements": 80, "percent_covered": 0.0, "percent_covered_display": "0", "missing_lines": 80, "excluded_lines": 0, "percent_statements_covered": 0.0, "percent_statements_covered_display": "0"}, "missing_lines": [43, 45, 48, 49, 52, 53, 54, 55, 58, 59, 60, 63, 64, 65, 66, 67, 68, 71, 72, 73, 76, 98, 99, 100, 103, 104, 105, 106, 107, 108, 109, 110, 113, 114, 115, 119, 120, 122, 123, 130, 133, 135, 136, 138, 139, 140, 141, 142, 143, 148, 150, 153, 155, 156, 164, 165, 168, 169, 171, 172, 173, 175, 176, 177, 179, 180, 181, 184, 185, 186, 187, 194, 195, 197, 198, 200, 202, 203, 204, 205], "excluded_lines": [], "start_line": 42}, "BotAgent._queue_analysis": {"executed_lines": [], "summary": {"covered_lines": 0, "num_statements": 6, "percent_covered": 0.0, "percent_covered_display": "0", "missing_lines": 6, "excluded_lines": 0, "percent_statements_covered": 0.0, "percent_statements_covered_display": "0"}, "missing_lines": [209, 210, 212, 226, 227, 228], "excluded_lines": [], "start_line": 207}, "BotAgent.capture_round_data": {"executed_lines": [232], "summary": {"covered_lines": 1, "num_statements": 1, "percent_covered": 100.0, "percent_covered_display": "100", "missing_lines": 0, "excluded_lines": 0, "percent_statements_covered": 100.0, "percent_statements_covered_display": "100"}, "missing_lines": [], "excluded_lines": [], "start_line": 230}, "": {"executed_lines": [1, 2, 3, 4, 7, 8, 9, 10, 11, 12, 15, 18, 19, 21, 22, 42, 207, 230, 235], "summary": {"covered_lines": 19, "num_statements": 19, "percent_covered": 100.0, "percent_covered_display": "100", "missing_lines": 0, "excluded_lines": 0, "percent_statements_covered": 100.0, "percent_statements_covered_display": "100"}, "missing_lines": [], "excluded_lines": [], "start_line": 1}}, "classes": {"BotAgent": {"executed_lines": [23, 26, 29, 30, 33, 34, 35, 36, 39, 232], "summary": {"covered_lines": 10, "num_statements": 96, "percent_covered": 10.416666666666666, "percent_covered_display": "10", "missing_lines": 86, "excluded_lines": 0, "percent_statements_covered": 10.416666666666666, "percent_statements_covered_display": "10"}, "missing_lines": [43, 45, 48, 49, 52, 53, 54, 55, 58, 59, 60, 63, 64, 65, 66, 67, 68, 71, 72, 73, 76, 98, 99, 100, 103, 104, 105, 106, 107, 108, 109, 110, 113, 114, 115, 119, 120, 122, 123, 130, 133, 135, 136, 138, 139, 140, 141, 142, 143, 148, 150, 153, 155, 156, 164, 165, 168, 169, 171, 172, 173, 175, 176, 177, 179, 180, 181, 184, 185, 186, 187, 194, 195, 197, 198, 200, 202, 203, 204, 205, 209, 210, 212, 226, 227, 228], "excluded_lines": [], "start_line": 21}, "": {"executed_lines": [1, 2, 3, 4, 7, 8, 9, 10, 11, 12, 15, 18, 19, 21, 22, 42, 207, 230, 235], "summary": {"covered_lines": 19, "num_statements": 19, "percent_covered": 100.0, "percent_covered_display": "100", "missing_lines": 0, "excluded_lines": 0, "percent_statements_covered": 100.0, "percent_statements_covered_display": "100"}, "missing_lines": [], "excluded_lines": [], "start_line": 1}}}, "ai_worker\\bot_context.py": {"executed_lines": [1, 2, 3, 4, 6, 8, 18, 27, 63, 105, 114, 115, 123, 124, 128, 138, 142, 150, 157, 158, 162, 214], "summary": {"covered_lines": 22, "num_statements": 131, "percent_covered": 16.793893129770993, "percent_covered_display": "17", "missing_lines": 109, "excluded_lines": 0, "percent_statements_covered": 16.793893129770993, "percent_statements_covered_display": "17"}, "missing_lines": [9, 10, 11, 13, 14, 15, 16, 20, 21, 22, 23, 24, 25, 29, 30, 31, 32, 33, 34, 35, 37, 38, 39, 40, 43, 44, 45, 46, 47, 48, 49, 50, 54, 55, 56, 57, 60, 61, 65, 66, 67, 68, 73, 74, 75, 76, 78, 79, 80, 83, 84, 85, 86, 87, 88, 89, 90, 91, 92, 93, 95, 96, 98, 99, 100, 102, 103, 107, 108, 109, 110, 111, 112, 117, 118, 119, 120, 121, 126, 130, 131, 132, 133, 134, 135, 136, 140, 148, 155, 160, 167, 169, 170, 171, 179, 180, 181, 182, 183, 185, 186, 197, 198, 208, 209, 212, 219, 220, 221], "excluded_lines": [], "functions": {"BotContext.__init__": {"executed_lines": [], "summary": {"covered_lines": 0, "num_statements": 7, "percent_covered": 0.0, "percent_covered_display": "0", "missing_lines": 7, "excluded_lines": 0, "percent_statements_covered": 0.0, "percent_statements_covered_display": "0"}, "missing_lines": [9, 10, 11, 13, 14, 15, 16], "excluded_lines": [], "start_line": 8}, "BotContext._parse_player": {"executed_lines": [], "summary": {"covered_lines": 0, "num_statements": 6, "percent_covered": 0.0, "percent_covered_display": "0", "missing_lines": 6, "excluded_lines": 0, "percent_statements_covered": 0.0, "percent_statements_covered_display": "0"}, "missing_lines": [20, 21, 22, 23, 24, 25], "excluded_lines": [], "start_line": 18}, "BotContext._parse_game_info": {"executed_lines": [], "summary": {"covered_lines": 0, "num_statements": 25, "percent_covered": 0.0, "percent_covered_display": "0", "missing_lines": 25, "excluded_lines": 0, "percent_statements_covered": 0.0, "percent_statements_covered_display": "0"}, "missing_lines": [29, 30, 31, 32, 33, 34, 35, 37, 38, 39, 40, 43, 44, 45, 46, 47, 48, 49, 50, 54, 55, 56, 57, 60, 61], "excluded_lines": [], "start_line": 27}, "BotContext._parse_table": {"executed_lines": [], "summary": {"covered_lines": 0, "num_statements": 29, "percent_covered": 0.0, "percent_covered_display": "0", "missing_lines": 29, "excluded_lines": 0, "percent_statements_covered": 0.0, "percent_statements_covered_display": "0"}, "missing_lines": [65, 66, 67, 68, 73, 74, 75, 76, 78, 79, 80, 83, 84, 85, 86, 87, 88, 89, 90, 91, 92, 93, 95, 96, 98, 99, 100, 102, 103], "excluded_lines": [], "start_line": 63}, "BotContext._build_memory": {"executed_lines": [], "summary": {"covered_lines": 0, "num_statements": 6, "percent_covered": 0.0, "percent_covered_display": "0", "missing_lines": 6, "excluded_lines": 0, "percent_statements_covered": 0.0, "percent_statements_covered_display": "0"}, "missing_lines": [107, 108, 109, 110, 111, 112], "excluded_lines": [], "start_line": 105}, "BotContext.bidding_phase": {"executed_lines": [], "summary": {"covered_lines": 0, "num_statements": 5, "percent_covered": 0.0, "percent_covered_display": "0", "missing_lines": 5, "excluded_lines": 0, "percent_statements_covered": 0.0, "percent_statements_covered_display": "0"}, "missing_lines": [117, 118, 119, 120, 121], "excluded_lines": [], "start_line": 115}, "BotContext.bid_winner": {"executed_lines": [], "summary": {"covered_lines": 0, "num_statements": 1, "percent_covered": 0.0, "percent_covered_display": "0", "missing_lines": 1, "excluded_lines": 0, "percent_statements_covered": 0.0, "percent_statements_covered_display": "0"}, "missing_lines": [126], "excluded_lines": [], "start_line": 124}, "BotContext._compare_ranks": {"executed_lines": [], "summary": {"covered_lines": 0, "num_statements": 7, "percent_covered": 0.0, "percent_covered_display": "0", "missing_lines": 7, "excluded_lines": 0, "percent_statements_covered": 0.0, "percent_statements_covered_display": "0"}, "missing_lines": [130, 131, 132, 133, 134, 135, 136], "excluded_lines": [], "start_line": 128}, "BotContext.is_master_card": {"executed_lines": [], "summary": {"covered_lines": 0, "num_statements": 1, "percent_covered": 0.0, "percent_covered_display": "0", "missing_lines": 1, "excluded_lines": 0, "percent_statements_covered": 0.0, "percent_statements_covered_display": "0"}, "missing_lines": [140], "excluded_lines": [], "start_line": 138}, "BotContext.is_opponent_void": {"executed_lines": [], "summary": {"covered_lines": 0, "num_statements": 1, "percent_covered": 0.0, "percent_covered_display": "0", "missing_lines": 1, "excluded_lines": 0, "percent_statements_covered": 0.0, "percent_statements_covered_display": "0"}, "missing_lines": [148], "excluded_lines": [], "start_line": 142}, "BotContext.is_player_void": {"executed_lines": [], "summary": {"covered_lines": 0, "num_statements": 1, "percent_covered": 0.0, "percent_covered_display": "0", "missing_lines": 1, "excluded_lines": 0, "percent_statements_covered": 0.0, "percent_statements_covered_display": "0"}, "missing_lines": [155], "excluded_lines": [], "start_line": 150}, "BotContext.players_team_map": {"executed_lines": [], "summary": {"covered_lines": 0, "num_statements": 1, "percent_covered": 0.0, "percent_covered_display": "0", "missing_lines": 1, "excluded_lines": 0, "percent_statements_covered": 0.0, "percent_statements_covered_display": "0"}, "missing_lines": [160], "excluded_lines": [], "start_line": 158}, "BotContext.get_legal_moves": {"executed_lines": [], "summary": {"covered_lines": 0, "num_statements": 16, "percent_covered": 0.0, "percent_covered_display": "0", "missing_lines": 16, "excluded_lines": 0, "percent_statements_covered": 0.0, "percent_statements_covered_display": "0"}, "missing_lines": [167, 169, 170, 171, 179, 180, 181, 182, 183, 185, 186, 197, 198, 208, 209, 212], "excluded_lines": [], "start_line": 162}, "BotContext.guess_hands": {"executed_lines": [], "summary": {"covered_lines": 0, "num_statements": 3, "percent_covered": 0.0, "percent_covered_display": "0", "missing_lines": 3, "excluded_lines": 0, "percent_statements_covered": 0.0, "percent_statements_covered_display": "0"}, "missing_lines": [219, 220, 221], "excluded_lines": [], "start_line": 214}, "": {"executed_lines": [1, 2, 3, 4, 6, 8, 18, 27, 63, 105, 114, 115, 123, 124, 128, 138, 142, 150, 157, 158, 162, 214], "summary": {"covered_lines": 22, "num_statements": 22, "percent_covered": 100.0, "percent_covered_display": "100", "missing_lines": 0, "excluded_lines": 0, "percent_statements_covered": 100.0, "percent_statements_covered_display": "100"}, "missing_lines": [], "excluded_lines": [], "start_line": 1}}, "classes": {"BotContext": {"executed_lines": [], "summary": {"covered_lines": 0, "num_statements": 109, "percent_covered": 0.0, "percent_covered_display": "0", "missing_lines": 109, "excluded_lines": 0, "percent_statements_covered": 0.0, "percent_statements_covered_display": "0"}, "missing_lines": [9, 10, 11, 13, 14, 15, 16, 20, 21, 22, 23, 24, 25, 29, 30, 31, 32, 33, 34, 35, 37, 38, 39, 40, 43, 44, 45, 46, 47, 48, 49, 50, 54, 55, 56, 57, 60, 61, 65, 66, 67, 68, 73, 74, 75, 76, 78, 79, 80, 83, 84, 85, 86, 87, 88, 89, 90, 91, 92, 93, 95, 96, 98, 99, 100, 102, 103, 107, 108, 109, 110, 111, 112, 117, 118, 119, 120, 121, 126, 130, 131, 132, 133, 134, 135, 136, 140, 148, 155, 160, 167, 169, 170, 171, 179, 180, 181, 182, 183, 185, 186, 197, 198, 208, 209, 212, 219, 220, 221], "excluded_lines": [], "start_line": 6}, "": {"executed_lines": [1, 2, 3, 4, 6, 8, 18, 27, 63, 105, 114, 115, 123, 124, 128, 138, 142, 150, 157, 158, 162, 214], "summary": {"covered_lines": 22, "num_statements": 22, "percent_covered": 100.0, "percent_covered_display": "100", "missing_lines": 0, "excluded_lines": 0, "percent_statements_covered": 100.0, "percent_statements_covered_display": "100"}, "missing_lines": [], "excluded_lines": [], "start_line": 1}}}, "ai_worker\\brain_client.py": {"executed_lines": [1, 2, 3, 4, 5, 6, 9, 10, 16, 17, 21, 23, 30, 31, 32, 34, 35, 36, 37, 46, 79, 91, 95, 105], "summary": {"covered_lines": 24, "num_statements": 76, "percent_covered": 31.57894736842105, "percent_covered_display": "32", "missing_lines": 52, "excluded_lines": 0, "percent_statements_covered": 31.57894736842105, "percent_statements_covered_display": "32"}, "missing_lines": [11, 12, 13, 18, 19, 39, 40, 41, 42, 43, 44, 51, 53, 54, 56, 57, 60, 61, 62, 63, 64, 66, 67, 68, 70, 71, 73, 75, 76, 77, 83, 85, 86, 87, 89, 97, 99, 100, 101, 102, 103, 110, 112, 114, 115, 117, 118, 120, 122, 123, 124, 125], "excluded_lines": [], "functions": {"BrainClient.__init__": {"executed_lines": [31, 32], "summary": {"covered_lines": 2, "num_statements": 2, "percent_covered": 100.0, "percent_covered_display": "100", "missing_lines": 0, "excluded_lines": 0, "percent_statements_covered": 100.0, "percent_statements_covered_display": "100"}, "missing_lines": [], "excluded_lines": [], "start_line": 30}, "BrainClient._connect": {"executed_lines": [35, 36, 37], "summary": {"covered_lines": 3, "num_statements": 9, "percent_covered": 33.333333333333336, "percent_covered_display": "33", "missing_lines": 6, "excluded_lines": 0, "percent_statements_covered": 33.333333333333336, "percent_statements_covered_display": "33"}, "missing_lines": [39, 40, 41, 42, 43, 44], "excluded_lines": [], "start_line": 34}, "BrainClient.lookup_move": {"executed_lines": [], "summary": {"covered_lines": 0, "num_statements": 19, "percent_covered": 0.0, "percent_covered_display": "0", "missing_lines": 19, "excluded_lines": 0, "percent_statements_covered": 0.0, "percent_statements_covered_display": "0"}, "missing_lines": [51, 53, 54, 56, 57, 60, 61, 62, 63, 64, 66, 67, 68, 70, 71, 73, 75, 76, 77], "excluded_lines": [], "start_line": 46}, "BrainClient.queue_analysis": {"executed_lines": [], "summary": {"covered_lines": 0, "num_statements": 5, "percent_covered": 0.0, "percent_covered_display": "0", "missing_lines": 5, "excluded_lines": 0, "percent_statements_covered": 0.0, "percent_statements_covered_display": "0"}, "missing_lines": [83, 85, 86, 87, 89], "excluded_lines": [], "start_line": 79}, "BrainClient.capture_round_data": {"executed_lines": [95], "summary": {"covered_lines": 1, "num_statements": 7, "percent_covered": 14.285714285714286, "percent_covered_display": "14", "missing_lines": 6, "excluded_lines": 0, "percent_statements_covered": 14.285714285714286, "percent_statements_covered_display": "14"}, "missing_lines": [97, 99, 100, 101, 102, 103], "excluded_lines": [], "start_line": 91}, "BrainClient.publish_mind_map": {"executed_lines": [], "summary": {"covered_lines": 0, "num_statements": 11, "percent_covered": 0.0, "percent_covered_display": "0", "missing_lines": 11, "excluded_lines": 0, "percent_statements_covered": 0.0, "percent_statements_covered_display": "0"}, "missing_lines": [110, 112, 114, 115, 117, 118, 120, 122, 123, 124, 125], "excluded_lines": [], "start_line": 105}, "": {"executed_lines": [1, 2, 3, 4, 5, 6, 9, 10, 16, 17, 21, 23, 30, 34, 46, 79, 91, 105], "summary": {"covered_lines": 18, "num_statements": 23, "percent_covered": 78.26086956521739, "percent_covered_display": "78", "missing_lines": 5, "excluded_lines": 0, "percent_statements_covered": 78.26086956521739, "percent_statements_covered_display": "78"}, "missing_lines": [11, 12, 13, 18, 19], "excluded_lines": [], "start_line": 1}}, "classes": {"BrainClient": {"executed_lines": [31, 32, 35, 36, 37, 95], "summary": {"covered_lines": 6, "num_statements": 53, "percent_covered": 11.320754716981131, "percent_covered_display": "11", "missing_lines": 47, "excluded_lines": 0, "percent_statements_covered": 11.320754716981131, "percent_statements_covered_display": "11"}, "missing_lines": [39, 40, 41, 42, 43, 44, 51, 53, 54, 56, 57, 60, 61, 62, 63, 64, 66, 67, 68, 70, 71, 73, 75, 76, 77, 83, 85, 86, 87, 89, 97, 99, 100, 101, 102, 103, 110, 112, 114, 115, 117, 118, 120, 122, 123, 124, 125], "excluded_lines": [], "start_line": 23}, "": {"executed_lines": [1, 2, 3, 4, 5, 6, 9, 10, 16, 17, 21, 23, 30, 34, 46, 79, 91, 105], "summary": {"covered_lines": 18, "num_statements": 23, "percent_covered": 78.26086956521739, "percent_covered_display": "78", "missing_lines": 5, "excluded_lines": 0, "percent_statements_covered": 78.26086956521739, "percent_statements_covered_display": "78"}, "missing_lines": [11, 12, 13, 18, 19], "excluded_lines": [], "start_line": 1}}}, "ai_worker\\cognitive.py": {"executed_lines": [2, 3, 4, 5, 6, 7, 9, 11, 16, 17, 18, 19, 22, 24, 89, 112], "summary": {"covered_lines": 16, "num_statements": 53, "percent_covered": 30.18867924528302, "percent_covered_display": "30", "missing_lines": 37, "excluded_lines": 0, "percent_statements_covered": 30.18867924528302, "percent_statements_covered_display": "30"}, "missing_lines": [28, 31, 32, 34, 37, 52, 63, 66, 73, 74, 75, 76, 77, 79, 84, 85, 87, 94, 98, 99, 100, 101, 102, 105, 106, 107, 108, 110, 117, 119, 121, 124, 134, 136, 141, 142, 143], "excluded_lines": [], "functions": {"CognitiveOptimizer.__init__": {"executed_lines": [17, 18, 19, 22], "summary": {"covered_lines": 4, "num_statements": 4, "percent_covered": 100.0, "percent_covered_display": "100", "missing_lines": 0, "excluded_lines": 0, "percent_statements_covered": 100.0, "percent_statements_covered_display": "100"}, "missing_lines": [], "excluded_lines": [], "start_line": 16}, "CognitiveOptimizer.get_decision": {"executed_lines": [], "summary": {"covered_lines": 0, "num_statements": 17, "percent_covered": 0.0, "percent_covered_display": "0", "missing_lines": 17, "excluded_lines": 0, "percent_statements_covered": 0.0, "percent_statements_covered_display": "0"}, "missing_lines": [28, 31, 32, 34, 37, 52, 63, 66, 73, 74, 75, 76, 77, 79, 84, 85, 87], "excluded_lines": [], "start_line": 24}, "CognitiveOptimizer._calculate_budget": {"executed_lines": [], "summary": {"covered_lines": 0, "num_statements": 11, "percent_covered": 0.0, "percent_covered_display": "0", "missing_lines": 11, "excluded_lines": 0, "percent_statements_covered": 0.0, "percent_statements_covered_display": "0"}, "missing_lines": [94, 98, 99, 100, 101, 102, 105, 106, 107, 108, 110], "excluded_lines": [], "start_line": 89}, "CognitiveOptimizer.analyze_position": {"executed_lines": [], "summary": {"covered_lines": 0, "num_statements": 9, "percent_covered": 0.0, "percent_covered_display": "0", "missing_lines": 9, "excluded_lines": 0, "percent_statements_covered": 0.0, "percent_statements_covered_display": "0"}, "missing_lines": [117, 119, 121, 124, 134, 136, 141, 142, 143], "excluded_lines": [], "start_line": 112}, "": {"executed_lines": [2, 3, 4, 5, 6, 7, 9, 11, 16, 24, 89, 112], "summary": {"covered_lines": 12, "num_statements": 12, "percent_covered": 100.0, "percent_covered_display": "100", "missing_lines": 0, "excluded_lines": 0, "percent_statements_covered": 100.0, "percent_statements_covered_display": "100"}, "missing_lines": [], "excluded_lines": [], "start_line": 1}}, "classes": {"CognitiveOptimizer": {"executed_lines": [17, 18, 19, 22], "summary": {"covered_lines": 4, "num_statements": 41, "percent_covered": 9.75609756097561, "percent_covered_display": "10", "missing_lines": 37, "excluded_lines": 0, "percent_statements_covered": 9.75609756097561, "percent_statements_covered_display": "10"}, "missing_lines": [28, 31, 32, 34, 37, 52, 63, 66, 73, 74, 75, 76, 77, 79, 84, 85, 87, 94, 98, 99, 100, 101, 102, 105, 106, 107, 108, 110, 117, 119, 121, 124, 134, 136, 141, 142, 143], "excluded_lines": [], "start_line": 11}, "": {"executed_lines": [2, 3, 4, 5, 6, 7, 9, 11, 16, 24, 89, 112], "summary": {"covered_lines": 12, "num_statements": 12, "percent_covered": 100.0, "percent_covered_display": "100", "missing_lines": 0, "excluded_lines": 0, "percent_statements_covered": 100.0, "percent_statements_covered_display": "100"}, "missing_lines": [], "excluded_lines": [], "start_line": 1}}}, "ai_worker\\dialogue_system.py": {"executed_lines": [], "summary": {"covered_lines": 0, "num_statements": 75, "percent_covered": 0.0, "percent_covered_display": "0", "missing_lines": 75, "excluded_lines": 0, "percent_statements_covered": 0.0, "percent_statements_covered_display": "0"}, "missing_lines": [1, 2, 3, 4, 5, 6, 7, 8, 13, 14, 16, 17, 19, 20, 21, 22, 23, 24, 26, 28, 29, 30, 31, 33, 34, 35, 37, 38, 40, 47, 48, 49, 51, 57, 59, 60, 61, 66, 67, 69, 71, 74, 81, 83, 84, 85, 88, 89, 90, 91, 93, 94, 96, 97, 98, 99, 100, 101, 102, 104, 105, 107, 108, 109, 110, 111, 112, 113, 115, 117, 118, 120, 134, 136, 137], "excluded_lines": [], "functions": {"DialogueSystem.__init__": {"executed_lines": [], "summary": {"covered_lines": 0, "num_statements": 5, "percent_covered": 0.0, "percent_covered_display": "0", "missing_lines": 5, "excluded_lines": 0, "percent_statements_covered": 0.0, "percent_statements_covered_display": "0"}, "missing_lines": [21, 22, 23, 24, 26], "excluded_lines": [], "start_line": 20}, "DialogueSystem._setup_model": {"executed_lines": [], "summary": {"covered_lines": 0, "num_statements": 12, "percent_covered": 0.0, "percent_covered_display": "0", "missing_lines": 12, "excluded_lines": 0, "percent_statements_covered": 0.0, "percent_statements_covered_display": "0"}, "missing_lines": [29, 30, 31, 33, 34, 35, 37, 38, 40, 47, 48, 49], "excluded_lines": [], "start_line": 28}, "DialogueSystem.generate_reaction": {"executed_lines": [], "summary": {"covered_lines": 0, "num_statements": 28, "percent_covered": 0.0, "percent_covered_display": "0", "missing_lines": 28, "excluded_lines": 0, "percent_statements_covered": 0.0, "percent_statements_covered_display": "0"}, "missing_lines": [57, 59, 60, 61, 66, 67, 69, 71, 74, 81, 83, 84, 85, 88, 89, 90, 91, 93, 94, 96, 97, 98, 99, 100, 101, 102, 104, 105], "excluded_lines": [], "start_line": 51}, "DialogueSystem._construct_prompt": {"executed_lines": [], "summary": {"covered_lines": 0, "num_statements": 10, "percent_covered": 0.0, "percent_covered_display": "0", "missing_lines": 10, "excluded_lines": 0, "percent_statements_covered": 0.0, "percent_statements_covered_display": "0"}, "missing_lines": [108, 109, 110, 111, 112, 113, 115, 117, 118, 120], "excluded_lines": [], "start_line": 107}, "DialogueSystem._get_fallback_message": {"executed_lines": [], "summary": {"covered_lines": 0, "num_statements": 2, "percent_covered": 0.0, "percent_covered_display": "0", "missing_lines": 2, "excluded_lines": 0, "percent_statements_covered": 0.0, "percent_statements_covered_display": "0"}, "missing_lines": [136, 137], "excluded_lines": [], "start_line": 134}, "": {"executed_lines": [], "summary": {"covered_lines": 0, "num_statements": 18, "percent_covered": 0.0, "percent_covered_display": "0", "missing_lines": 18, "excluded_lines": 0, "percent_statements_covered": 0.0, "percent_statements_covered_display": "0"}, "missing_lines": [1, 2, 3, 4, 5, 6, 7, 8, 13, 14, 16, 17, 19, 20, 28, 51, 107, 134], "excluded_lines": [], "start_line": 1}}, "classes": {"DialogueSystem": {"executed_lines": [], "summary": {"covered_lines": 0, "num_statements": 57, "percent_covered": 0.0, "percent_covered_display": "0", "missing_lines": 57, "excluded_lines": 0, "percent_statements_covered": 0.0, "percent_statements_covered_display": "0"}, "missing_lines": [21, 22, 23, 24, 26, 29, 30, 31, 33, 34, 35, 37, 38, 40, 47, 48, 49, 57, 59, 60, 61, 66, 67, 69, 71, 74, 81, 83, 84, 85, 88, 89, 90, 91, 93, 94, 96, 97, 98, 99, 100, 101, 102, 104, 105, 108, 109, 110, 111, 112, 113, 115, 117, 118, 120, 136, 137], "excluded_lines": [], "start_line": 19}, "": {"executed_lines": [], "summary": {"covered_lines": 0, "num_statements": 18, "percent_covered": 0.0, "percent_covered_display": "0", "missing_lines": 18, "excluded_lines": 0, "percent_statements_covered": 0.0, "percent_statements_covered_display": "0"}, "missing_lines": [1, 2, 3, 4, 5, 6, 7, 8, 13, 14, 16, 17, 19, 20, 28, 51, 107, 134], "excluded_lines": [], "start_line": 1}}}, "ai_worker\\learning\\dataset_logger.py": {"executed_lines": [2, 3, 4, 5, 6, 7, 8, 10, 12, 20, 21, 22, 23, 25, 26, 27, 30, 32, 86], "summary": {"covered_lines": 19, "num_statements": 43, "percent_covered": 44.18604651162791, "percent_covered_display": "44", "missing_lines": 24, "excluded_lines": 0, "percent_statements_covered": 44.18604651162791, "percent_statements_covered_display": "44"}, "missing_lines": [37, 39, 50, 51, 53, 54, 57, 59, 62, 66, 78, 79, 80, 82, 83, 84, 88, 90, 91, 92, 93, 95, 96, 97], "excluded_lines": [], "functions": {"DatasetLogger.__init__": {"executed_lines": [21, 22, 23, 25, 26, 27, 30], "summary": {"covered_lines": 7, "num_statements": 7, "percent_covered": 100.0, "percent_covered_display": "100", "missing_lines": 0, "excluded_lines": 0, "percent_statements_covered": 100.0, "percent_statements_covered_display": "100"}, "missing_lines": [], "excluded_lines": [], "start_line": 20}, "DatasetLogger.log_sample": {"executed_lines": [], "summary": {"covered_lines": 0, "num_statements": 16, "percent_covered": 0.0, "percent_covered_display": "0", "missing_lines": 16, "excluded_lines": 0, "percent_statements_covered": 0.0, "percent_statements_covered_display": "0"}, "missing_lines": [37, 39, 50, 51, 53, 54, 57, 59, 62, 66, 78, 79, 80, 82, 83, 84], "excluded_lines": [], "start_line": 32}, "DatasetLogger.flush": {"executed_lines": [], "summary": {"covered_lines": 0, "num_statements": 8, "percent_covered": 0.0, "percent_covered_display": "0", "missing_lines": 8, "excluded_lines": 0, "percent_statements_covered": 0.0, "percent_statements_covered_display": "0"}, "missing_lines": [88, 90, 91, 92, 93, 95, 96, 97], "excluded_lines": [], "start_line": 86}, "": {"executed_lines": [2, 3, 4, 5, 6, 7, 8, 10, 12, 20, 32, 86], "summary": {"covered_lines": 12, "num_statements": 12, "percent_covered": 100.0, "percent_covered_display": "100", "missing_lines": 0, "excluded_lines": 0, "percent_statements_covered": 100.0, "percent_statements_covered_display": "100"}, "missing_lines": [], "excluded_lines": [], "start_line": 1}}, "classes": {"DatasetLogger": {"executed_lines": [21, 22, 23, 25, 26, 27, 30], "summary": {"covered_lines": 7, "num_statements": 31, "percent_covered": 22.580645161290324, "percent_covered_display": "23", "missing_lines": 24, "excluded_lines": 0, "percent_statements_covered": 22.580645161290324, "percent_statements_covered_display": "23"}, "missing_lines": [37, 39, 50, 51, 53, 54, 57, 59, 62, 66, 78, 79, 80, 82, 83, 84, 88, 90, 91, 92, 93, 95, 96, 97], "excluded_lines": [], "start_line": 12}, "": {"executed_lines": [2, 3, 4, 5, 6, 7, 8, 10, 12, 20, 32, 86], "summary": {"covered_lines": 12, "num_statements": 12, "percent_covered": 100.0, "percent_covered_display": "100", "missing_lines": 0, "excluded_lines": 0, "percent_statements_covered": 100.0, "percent_statements_covered_display": "100"}, "missing_lines": [], "excluded_lines": [], "start_line": 1}}}, "ai_worker\\learning\\feature_extractor.py": {"executed_lines": [2, 3, 4, 5, 6, 8, 10, 16, 18, 24, 31, 33, 34, 35, 37, 38, 39, 41, 114, 119], "summary": {"covered_lines": 20, "num_statements": 99, "percent_covered": 20.2020202020202, "percent_covered_display": "20", "missing_lines": 79, "excluded_lines": 0, "percent_statements_covered": 20.2020202020202, "percent_statements_covered_display": "20"}, "missing_lines": [44, 48, 49, 50, 51, 55, 56, 57, 58, 60, 61, 63, 64, 65, 66, 73, 76, 77, 78, 79, 80, 81, 82, 85, 87, 88, 91, 92, 93, 94, 96, 97, 99, 102, 103, 104, 105, 106, 109, 110, 112, 115, 116, 117, 125, 130, 131, 132, 133, 134, 138, 139, 140, 141, 150, 153, 154, 155, 156, 157, 158, 159, 162, 164, 165, 168, 169, 170, 171, 173, 174, 176, 180, 181, 182, 183, 186, 187, 189], "excluded_lines": [], "functions": {"FeatureExtractor.__init__": {"executed_lines": [18, 24, 31, 33, 34, 35, 37, 38, 39], "summary": {"covered_lines": 9, "num_statements": 9, "percent_covered": 100.0, "percent_covered_display": "100", "missing_lines": 0, "excluded_lines": 0, "percent_statements_covered": 100.0, "percent_statements_covered_display": "100"}, "missing_lines": [], "excluded_lines": [], "start_line": 16}, "FeatureExtractor.encode": {"executed_lines": [], "summary": {"covered_lines": 0, "num_statements": 41, "percent_covered": 0.0, "percent_covered_display": "0", "missing_lines": 41, "excluded_lines": 0, "percent_statements_covered": 0.0, "percent_statements_covered_display": "0"}, "missing_lines": [44, 48, 49, 50, 51, 55, 56, 57, 58, 60, 61, 63, 64, 65, 66, 73, 76, 77, 78, 79, 80, 81, 82, 85, 87, 88, 91, 92, 93, 94, 96, 97, 99, 102, 103, 104, 105, 106, 109, 110, 112], "excluded_lines": [], "start_line": 41}, "FeatureExtractor._get_card_index": {"executed_lines": [], "summary": {"covered_lines": 0, "num_statements": 3, "percent_covered": 0.0, "percent_covered_display": "0", "missing_lines": 3, "excluded_lines": 0, "percent_statements_covered": 0.0, "percent_statements_covered_display": "0"}, "missing_lines": [115, 116, 117], "excluded_lines": [], "start_line": 114}, "FeatureExtractor.encode_fast": {"executed_lines": [], "summary": {"covered_lines": 0, "num_statements": 35, "percent_covered": 0.0, "percent_covered_display": "0", "missing_lines": 35, "excluded_lines": 0, "percent_statements_covered": 0.0, "percent_statements_covered_display": "0"}, "missing_lines": [125, 130, 131, 132, 133, 134, 138, 139, 140, 141, 150, 153, 154, 155, 156, 157, 158, 159, 162, 164, 165, 168, 169, 170, 171, 173, 174, 176, 180, 181, 182, 183, 186, 187, 189], "excluded_lines": [], "start_line": 119}, "": {"executed_lines": [2, 3, 4, 5, 6, 8, 10, 16, 41, 114, 119], "summary": {"covered_lines": 11, "num_statements": 11, "percent_covered": 100.0, "percent_covered_display": "100", "missing_lines": 0, "excluded_lines": 0, "percent_statements_covered": 100.0, "percent_statements_covered_display": "100"}, "missing_lines": [], "excluded_lines": [], "start_line": 1}}, "classes": {"FeatureExtractor": {"executed_lines": [18, 24, 31, 33, 34, 35, 37, 38, 39], "summary": {"covered_lines": 9, "num_statements": 88, "percent_covered": 10.227272727272727, "percent_covered_display": "10", "missing_lines": 79, "excluded_lines": 0, "percent_statements_covered": 10.227272727272727, "percent_statements_covered_display": "10"}, "missing_lines": [44, 48, 49, 50, 51, 55, 56, 57, 58, 60, 61, 63, 64, 65, 66, 73, 76, 77, 78, 79, 80, 81, 82, 85, 87, 88, 91, 92, 93, 94, 96, 97, 99, 102, 103, 104, 105, 106, 109, 110, 112, 115, 116, 117, 125, 130, 131, 132, 133, 134, 138, 139, 140, 141, 150, 153, 154, 155, 156, 157, 158, 159, 162, 164, 165, 168, 169, 170, 171, 173, 174, 176, 180, 181, 182, 183, 186, 187, 189], "excluded_lines": [], "start_line": 10}, "": {"executed_lines": [2, 3, 4, 5, 6, 8, 10, 16, 41, 114, 119], "summary": {"covered_lines": 11, "num_statements": 11, "percent_covered": 100.0, "percent_covered_display": "100", "missing_lines": 0, "excluded_lines": 0, "percent_statements_covered": 100.0, "percent_statements_covered_display": "100"}, "missing_lines": [], "excluded_lines": [], "start_line": 1}}}, "ai_worker\\learning\\model.py": {"executed_lines": [2, 3, 4, 6, 12, 13, 15, 16, 18, 19, 21, 22, 24, 26, 28, 50, 53, 54, 55], "summary": {"covered_lines": 19, "num_statements": 33, "percent_covered": 57.57575757575758, "percent_covered_display": "58", "missing_lines": 14, "excluded_lines": 0, "percent_statements_covered": 57.57575757575758, "percent_statements_covered_display": "58"}, "missing_lines": [30, 31, 32, 33, 36, 37, 38, 39, 42, 43, 44, 47, 48, 51], "excluded_lines": [], "functions": {"StrategyNet.__init__": {"executed_lines": [13, 15, 16, 18, 19, 21, 22, 24, 26], "summary": {"covered_lines": 9, "num_statements": 9, "percent_covered": 100.0, "percent_covered_display": "100", "missing_lines": 0, "excluded_lines": 0, "percent_statements_covered": 100.0, "percent_statements_covered_display": "100"}, "missing_lines": [], "excluded_lines": [], "start_line": 12}, "StrategyNet.forward": {"executed_lines": [], "summary": {"covered_lines": 0, "num_statements": 13, "percent_covered": 0.0, "percent_covered_display": "0", "missing_lines": 13, "excluded_lines": 0, "percent_statements_covered": 0.0, "percent_statements_covered_display": "0"}, "missing_lines": [30, 31, 32, 33, 36, 37, 38, 39, 42, 43, 44, 47, 48], "excluded_lines": [], "start_line": 28}, "StrategyNet.save": {"executed_lines": [], "summary": {"covered_lines": 0, "num_statements": 1, "percent_covered": 0.0, "percent_covered_display": "0", "missing_lines": 1, "excluded_lines": 0, "percent_statements_covered": 0.0, "percent_statements_covered_display": "0"}, "missing_lines": [51], "excluded_lines": [], "start_line": 50}, "StrategyNet.load": {"executed_lines": [54, 55], "summary": {"covered_lines": 2, "num_statements": 2, "percent_covered": 100.0, "percent_covered_display": "100", "missing_lines": 0, "excluded_lines": 0, "percent_statements_covered": 100.0, "percent_statements_covered_display": "100"}, "missing_lines": [], "excluded_lines": [], "start_line": 53}, "": {"executed_lines": [2, 3, 4, 6, 12, 28, 50, 53], "summary": {"covered_lines": 8, "num_statements": 8, "percent_covered": 100.0, "percent_covered_display": "100", "missing_lines": 0, "excluded_lines": 0, "percent_statements_covered": 100.0, "percent_statements_covered_display": "100"}, "missing_lines": [], "excluded_lines": [], "start_line": 1}}, "classes": {"StrategyNet": {"executed_lines": [13, 15, 16, 18, 19, 21, 22, 24, 26, 54, 55], "summary": {"covered_lines": 11, "num_statements": 25, "percent_covered": 44.0, "percent_covered_display": "44", "missing_lines": 14, "excluded_lines": 0, "percent_statements_covered": 44.0, "percent_statements_covered_display": "44"}, "missing_lines": [30, 31, 32, 33, 36, 37, 38, 39, 42, 43, 44, 47, 48, 51], "excluded_lines": [], "start_line": 6}, "": {"executed_lines": [2, 3, 4, 6, 12, 28, 50, 53], "summary": {"covered_lines": 8, "num_statements": 8, "percent_covered": 100.0, "percent_covered_display": "100", "missing_lines": 0, "excluded_lines": 0, "percent_statements_covered": 100.0, "percent_statements_covered_display": "100"}, "missing_lines": [], "excluded_lines": [], "start_line": 1}}}, "ai_worker\\llm_client.py": {"executed_lines": [], "summary": {"covered_lines": 0, "num_statements": 75, "percent_covered": 0.0, "percent_covered_display": "0", "missing_lines": 75, "excluded_lines": 0, "percent_statements_covered": 0.0, "percent_statements_covered_display": "0"}, "missing_lines": [2, 3, 4, 6, 7, 10, 11, 14, 15, 17, 18, 20, 22, 23, 24, 25, 26, 28, 29, 31, 33, 34, 36, 38, 42, 43, 44, 45, 47, 49, 50, 53, 58, 60, 61, 62, 63, 64, 66, 72, 73, 75, 78, 88, 91, 92, 93, 94, 97, 98, 100, 101, 102, 103, 104, 106, 108, 109, 111, 115, 116, 117, 118, 119, 121, 123, 124, 126, 127, 129, 146, 147, 148, 149, 150], "excluded_lines": [], "functions": {"GeminiClient.__init__": {"executed_lines": [], "summary": {"covered_lines": 0, "num_statements": 5, "percent_covered": 0.0, "percent_covered_display": "0", "missing_lines": 5, "excluded_lines": 0, "percent_statements_covered": 0.0, "percent_statements_covered_display": "0"}, "missing_lines": [24, 25, 26, 28, 29], "excluded_lines": [], "start_line": 23}, "GeminiClient.analyze_image": {"executed_lines": [], "summary": {"covered_lines": 0, "num_statements": 8, "percent_covered": 0.0, "percent_covered_display": "0", "missing_lines": 8, "excluded_lines": 0, "percent_statements_covered": 0.0, "percent_statements_covered_display": "0"}, "missing_lines": [33, 34, 36, 38, 42, 43, 44, 45], "excluded_lines": [], "start_line": 31}, "GeminiClient.analyze_video": {"executed_lines": [], "summary": {"covered_lines": 0, "num_statements": 9, "percent_covered": 0.0, "percent_covered_display": "0", "missing_lines": 9, "excluded_lines": 0, "percent_statements_covered": 0.0, "percent_statements_covered_display": "0"}, "missing_lines": [49, 50, 53, 58, 60, 61, 62, 63, 64], "excluded_lines": [], "start_line": 47}, "GeminiClient.analyze_hand": {"executed_lines": [], "summary": {"covered_lines": 0, "num_statements": 16, "percent_covered": 0.0, "percent_covered_display": "0", "missing_lines": 16, "excluded_lines": 0, "percent_statements_covered": 0.0, "percent_statements_covered_display": "0"}, "missing_lines": [72, 73, 75, 78, 88, 91, 92, 93, 94, 97, 98, 100, 101, 102, 103, 104], "excluded_lines": [], "start_line": 66}, "GeminiClient.generate_scenario_from_text": {"executed_lines": [], "summary": {"covered_lines": 0, "num_statements": 8, "percent_covered": 0.0, "percent_covered_display": "0", "missing_lines": 8, "excluded_lines": 0, "percent_statements_covered": 0.0, "percent_statements_covered_display": "0"}, "missing_lines": [108, 109, 111, 115, 116, 117, 118, 119], "excluded_lines": [], "start_line": 106}, "GeminiClient.analyze_match_history": {"executed_lines": [], "summary": {"covered_lines": 0, "num_statements": 10, "percent_covered": 0.0, "percent_covered_display": "0", "missing_lines": 10, "excluded_lines": 0, "percent_statements_covered": 0.0, "percent_statements_covered_display": "0"}, "missing_lines": [123, 124, 126, 127, 129, 146, 147, 148, 149, 150], "excluded_lines": [], "start_line": 121}, "": {"executed_lines": [], "summary": {"covered_lines": 0, "num_statements": 19, "percent_covered": 0.0, "percent_covered_display": "0", "missing_lines": 19, "excluded_lines": 0, "percent_statements_covered": 0.0, "percent_statements_covered_display": "0"}, "missing_lines": [2, 3, 4, 6, 7, 10, 11, 14, 15, 17, 18, 20, 22, 23, 31, 47, 66, 106, 121], "excluded_lines": [], "start_line": 1}}, "classes": {"GeminiClient": {"executed_lines": [], "summary": {"covered_lines": 0, "num_statements": 56, "percent_covered": 0.0, "percent_covered_display": "0", "missing_lines": 56, "excluded_lines": 0, "percent_statements_covered": 0.0, "percent_statements_covered_display": "0"}, "missing_lines": [24, 25, 26, 28, 29, 33, 34, 36, 38, 42, 43, 44, 45, 49, 50, 53, 58, 60, 61, 62, 63, 64, 72, 73, 75, 78, 88, 91, 92, 93, 94, 97, 98, 100, 101, 102, 103, 104, 108, 109, 111, 115, 116, 117, 118, 119, 123, 124, 126, 127, 129, 146, 147, 148, 149, 150], "excluded_lines": [], "start_line": 22}, "": {"executed_lines": [], "summary": {"covered_lines": 0, "num_statements": 19, "percent_covered": 0.0, "percent_covered_display": "0", "missing_lines": 19, "excluded_lines": 0, "percent_statements_covered": 0.0, "percent_statements_covered_display": "0"}, "missing_lines": [2, 3, 4, 6, 7, 10, 11, 14, 15, 17, 18, 20, 22, 23, 31, 47, 66, 106, 121], "excluded_lines": [], "start_line": 1}}}, "ai_worker\\mcts\\fast_game.py": {"executed_lines": [2, 3, 4, 5, 6, 8, 13, 71, 87, 155, 167, 226, 229, 252, 289, 337, 352, 366, 378, 393], "summary": {"covered_lines": 20, "num_statements": 236, "percent_covered": 8.474576271186441, "percent_covered_display": "8", "missing_lines": 216, "excluded_lines": 0, "percent_statements_covered": 8.474576271186441, "percent_statements_covered_display": "8"}, "missing_lines": [25, 26, 27, 28, 29, 31, 32, 33, 35, 37, 39, 42, 44, 46, 47, 48, 51, 52, 54, 58, 59, 60, 61, 63, 64, 67, 74, 75, 84, 85, 89, 90, 93, 94, 95, 96, 97, 98, 99, 100, 101, 104, 109, 110, 112, 119, 121, 122, 123, 126, 129, 131, 132, 133, 135, 137, 146, 147, 151, 153, 157, 158, 160, 162, 163, 165, 169, 170, 171, 173, 174, 177, 178, 179, 181, 182, 183, 185, 186, 187, 188, 190, 191, 192, 194, 195, 198, 199, 200, 201, 202, 204, 205, 206, 207, 208, 209, 213, 214, 217, 218, 221, 222, 224, 227, 234, 235, 236, 238, 239, 240, 241, 243, 245, 246, 248, 250, 254, 255, 257, 258, 259, 261, 264, 265, 266, 267, 269, 270, 271, 274, 275, 278, 279, 280, 281, 283, 284, 285, 287, 291, 294, 295, 296, 297, 298, 299, 300, 302, 305, 306, 308, 310, 312, 314, 315, 316, 318, 321, 322, 324, 327, 329, 330, 332, 335, 339, 340, 341, 342, 343, 344, 346, 347, 348, 349, 350, 354, 355, 356, 357, 358, 359, 360, 361, 362, 363, 364, 368, 369, 370, 371, 372, 373, 374, 375, 376, 380, 381, 382, 383, 384, 386, 387, 388, 389, 390, 391, 395, 396, 397, 398, 399, 400, 401, 402], "excluded_lines": [], "functions": {"FastGame.__init__": {"executed_lines": [], "summary": {"covered_lines": 0, "num_statements": 26, "percent_covered": 0.0, "percent_covered_display": "0", "missing_lines": 26, "excluded_lines": 0, "percent_statements_covered": 0.0, "percent_statements_covered_display": "0"}, "missing_lines": [25, 26, 27, 28, 29, 31, 32, 33, 35, 37, 39, 42, 44, 46, 47, 48, 51, 52, 54, 58, 59, 60, 61, 63, 64, 67], "excluded_lines": [], "start_line": 13}, "FastGame.clone": {"executed_lines": [], "summary": {"covered_lines": 0, "num_statements": 4, "percent_covered": 0.0, "percent_covered_display": "0", "missing_lines": 4, "excluded_lines": 0, "percent_statements_covered": 0.0, "percent_statements_covered_display": "0"}, "missing_lines": [74, 75, 84, 85], "excluded_lines": [], "start_line": 71}, "FastGame.get_legal_moves": {"executed_lines": [], "summary": {"covered_lines": 0, "num_statements": 30, "percent_covered": 0.0, "percent_covered_display": "0", "missing_lines": 30, "excluded_lines": 0, "percent_statements_covered": 0.0, "percent_statements_covered_display": "0"}, "missing_lines": [89, 90, 93, 94, 95, 96, 97, 98, 99, 100, 101, 104, 109, 110, 112, 119, 121, 122, 123, 126, 129, 131, 132, 133, 135, 137, 146, 147, 151, 153], "excluded_lines": [], "start_line": 87}, "FastGame.apply_move": {"executed_lines": [], "summary": {"covered_lines": 0, "num_statements": 6, "percent_covered": 0.0, "percent_covered_display": "0", "missing_lines": 6, "excluded_lines": 0, "percent_statements_covered": 0.0, "percent_statements_covered_display": "0"}, "missing_lines": [157, 158, 160, 162, 163, 165], "excluded_lines": [], "start_line": 155}, "FastGame._resolve_trick": {"executed_lines": [], "summary": {"covered_lines": 0, "num_statements": 38, "percent_covered": 0.0, "percent_covered_display": "0", "missing_lines": 38, "excluded_lines": 0, "percent_statements_covered": 0.0, "percent_statements_covered_display": "0"}, "missing_lines": [169, 170, 171, 173, 174, 177, 178, 179, 181, 182, 183, 185, 186, 187, 188, 190, 191, 192, 194, 195, 198, 199, 200, 201, 202, 204, 205, 206, 207, 208, 209, 213, 214, 217, 218, 221, 222, 224], "excluded_lines": [], "start_line": 167}, "FastGame.is_terminal": {"executed_lines": [], "summary": {"covered_lines": 0, "num_statements": 1, "percent_covered": 0.0, "percent_covered_display": "0", "missing_lines": 1, "excluded_lines": 0, "percent_statements_covered": 0.0, "percent_statements_covered_display": "0"}, "missing_lines": [227], "excluded_lines": [], "start_line": 226}, "FastGame.play_greedy": {"executed_lines": [], "summary": {"covered_lines": 0, "num_statements": 12, "percent_covered": 0.0, "percent_covered_display": "0", "missing_lines": 12, "excluded_lines": 0, "percent_statements_covered": 0.0, "percent_statements_covered_display": "0"}, "missing_lines": [234, 235, 236, 238, 239, 240, 241, 243, 245, 246, 248, 250], "excluded_lines": [], "start_line": 229}, "FastGame._greedy_lead": {"executed_lines": [], "summary": {"covered_lines": 0, "num_statements": 23, "percent_covered": 0.0, "percent_covered_display": "0", "missing_lines": 23, "excluded_lines": 0, "percent_statements_covered": 0.0, "percent_statements_covered_display": "0"}, "missing_lines": [254, 255, 257, 258, 259, 261, 264, 265, 266, 267, 269, 270, 271, 274, 275, 278, 279, 280, 281, 283, 284, 285, 287], "excluded_lines": [], "start_line": 252}, "FastGame._greedy_follow": {"executed_lines": [], "summary": {"covered_lines": 0, "num_statements": 26, "percent_covered": 0.0, "percent_covered_display": "0", "missing_lines": 26, "excluded_lines": 0, "percent_statements_covered": 0.0, "percent_statements_covered_display": "0"}, "missing_lines": [291, 294, 295, 296, 297, 298, 299, 300, 302, 305, 306, 308, 310, 312, 314, 315, 316, 318, 321, 322, 324, 327, 329, 330, 332, 335], "excluded_lines": [], "start_line": 289}, "FastGame._card_strength": {"executed_lines": [], "summary": {"covered_lines": 0, "num_statements": 11, "percent_covered": 0.0, "percent_covered_display": "0", "missing_lines": 11, "excluded_lines": 0, "percent_statements_covered": 0.0, "percent_statements_covered_display": "0"}, "missing_lines": [339, 340, 341, 342, 343, 344, 346, 347, 348, 349, 350], "excluded_lines": [], "start_line": 337}, "FastGame._get_trick_winner_idx": {"executed_lines": [], "summary": {"covered_lines": 0, "num_statements": 11, "percent_covered": 0.0, "percent_covered_display": "0", "missing_lines": 11, "excluded_lines": 0, "percent_statements_covered": 0.0, "percent_statements_covered_display": "0"}, "missing_lines": [354, 355, 356, 357, 358, 359, 360, 361, 362, 363, 364], "excluded_lines": [], "start_line": 352}, "FastGame._highest_points": {"executed_lines": [], "summary": {"covered_lines": 0, "num_statements": 9, "percent_covered": 0.0, "percent_covered_display": "0", "missing_lines": 9, "excluded_lines": 0, "percent_statements_covered": 0.0, "percent_statements_covered_display": "0"}, "missing_lines": [368, 369, 370, 371, 372, 373, 374, 375, 376], "excluded_lines": [], "start_line": 366}, "FastGame._lowest_points": {"executed_lines": [], "summary": {"covered_lines": 0, "num_statements": 11, "percent_covered": 0.0, "percent_covered_display": "0", "missing_lines": 11, "excluded_lines": 0, "percent_statements_covered": 0.0, "percent_statements_covered_display": "0"}, "missing_lines": [380, 381, 382, 383, 384, 386, 387, 388, 389, 390, 391], "excluded_lines": [], "start_line": 378}, "FastGame._lowest_strength": {"executed_lines": [], "summary": {"covered_lines": 0, "num_statements": 8, "percent_covered": 0.0, "percent_covered_display": "0", "missing_lines": 8, "excluded_lines": 0, "percent_statements_covered": 0.0, "percent_statements_covered_display": "0"}, "missing_lines": [395, 396, 397, 398, 399, 400, 401, 402], "excluded_lines": [], "start_line": 393}, "": {"executed_lines": [2, 3, 4, 5, 6, 8, 13, 71, 87, 155, 167, 226, 229, 252, 289, 337, 352, 366, 378, 393], "summary": {"covered_lines": 20, "num_statements": 20, "percent_covered": 100.0, "percent_covered_display": "100", "missing_lines": 0, "excluded_lines": 0, "percent_statements_covered": 100.0, "percent_statements_covered_display": "100"}, "missing_lines": [], "excluded_lines": [], "start_line": 1}}, "classes": {"FastGame": {"executed_lines": [], "summary": {"covered_lines": 0, "num_statements": 216, "percent_covered": 0.0, "percent_covered_display": "0", "missing_lines": 216, "excluded_lines": 0, "percent_statements_covered": 0.0, "percent_statements_covered_display": "0"}, "missing_lines": [25, 26, 27, 28, 29, 31, 32, 33, 35, 37, 39, 42, 44, 46, 47, 48, 51, 52, 54, 58, 59, 60, 61, 63, 64, 67, 74, 75, 84, 85, 89, 90, 93, 94, 95, 96, 97, 98, 99, 100, 101, 104, 109, 110, 112, 119, 121, 122, 123, 126, 129, 131, 132, 133, 135, 137, 146, 147, 151, 153, 157, 158, 160, 162, 163, 165, 169, 170, 171, 173, 174, 177, 178, 179, 181, 182, 183, 185, 186, 187, 188, 190, 191, 192, 194, 195, 198, 199, 200, 201, 202, 204, 205, 206, 207, 208, 209, 213, 214, 217, 218, 221, 222, 224, 227, 234, 235, 236, 238, 239, 240, 241, 243, 245, 246, 248, 250, 254, 255, 257, 258, 259, 261, 264, 265, 266, 267, 269, 270, 271, 274, 275, 278, 279, 280, 281, 283, 284, 285, 287, 291, 294, 295, 296, 297, 298, 299, 300, 302, 305, 306, 308, 310, 312, 314, 315, 316, 318, 321, 322, 324, 327, 329, 330, 332, 335, 339, 340, 341, 342, 343, 344, 346, 347, 348, 349, 350, 354, 355, 356, 357, 358, 359, 360, 361, 362, 363, 364, 368, 369, 370, 371, 372, 373, 374, 375, 376, 380, 381, 382, 383, 384, 386, 387, 388, 389, 390, 391, 395, 396, 397, 398, 399, 400, 401, 402], "excluded_lines": [], "start_line": 8}, "": {"executed_lines": [2, 3, 4, 5, 6, 8, 13, 71, 87, 155, 167, 226, 229, 252, 289, 337, 352, 366, 378, 393], "summary": {"covered_lines": 20, "num_statements": 20, "percent_covered": 100.0, "percent_covered_display": "100", "missing_lines": 0, "excluded_lines": 0, "percent_statements_covered": 100.0, "percent_statements_covered_display": "100"}, "missing_lines": [], "excluded_lines": [], "start_line": 1}}}, "ai_worker\\mcts\\mcts.py": {"executed_lines": [2, 3, 4, 5, 6, 8, 9, 18, 19, 20, 21, 23, 40, 125, 174, 182, 251, 264], "summary": {"covered_lines": 18, "num_statements": 134, "percent_covered": 13.432835820895523, "percent_covered_display": "13", "missing_lines": 116, "excluded_lines": 0, "percent_statements_covered": 13.432835820895523, "percent_statements_covered_display": "13"}, "missing_lines": [10, 11, 12, 13, 14, 15, 16, 30, 31, 34, 36, 38, 45, 46, 48, 49, 51, 52, 54, 55, 56, 57, 58, 59, 65, 66, 67, 68, 71, 76, 77, 80, 81, 82, 86, 87, 88, 89, 93, 94, 96, 97, 98, 99, 101, 103, 105, 106, 107, 110, 113, 114, 115, 116, 123, 131, 132, 135, 137, 138, 139, 140, 143, 145, 147, 149, 155, 157, 158, 161, 162, 164, 165, 166, 168, 169, 170, 172, 176, 177, 178, 179, 180, 184, 186, 188, 189, 190, 191, 194, 195, 201, 205, 207, 208, 210, 228, 230, 231, 232, 242, 243, 246, 247, 249, 253, 254, 256, 257, 258, 259, 262, 265, 266, 267, 268], "excluded_lines": [], "functions": {"MCTSNode.__init__": {"executed_lines": [], "summary": {"covered_lines": 0, "num_statements": 7, "percent_covered": 0.0, "percent_covered_display": "0", "missing_lines": 7, "excluded_lines": 0, "percent_statements_covered": 0.0, "percent_statements_covered_display": "0"}, "missing_lines": [10, 11, 12, 13, 14, 15, 16], "excluded_lines": [], "start_line": 9}, "MCTSSolver.__init__": {"executed_lines": [20, 21], "summary": {"covered_lines": 2, "num_statements": 2, "percent_covered": 100.0, "percent_covered_display": "100", "missing_lines": 0, "excluded_lines": 0, "percent_statements_covered": 100.0, "percent_statements_covered_display": "100"}, "missing_lines": [], "excluded_lines": [], "start_line": 19}, "MCTSSolver.search": {"executed_lines": [], "summary": {"covered_lines": 0, "num_statements": 5, "percent_covered": 0.0, "percent_covered_display": "0", "missing_lines": 5, "excluded_lines": 0, "percent_statements_covered": 0.0, "percent_statements_covered_display": "0"}, "missing_lines": [30, 31, 34, 36, 38], "excluded_lines": [], "start_line": 23}, "MCTSSolver.search_with_details": {"executed_lines": [], "summary": {"covered_lines": 0, "num_statements": 43, "percent_covered": 0.0, "percent_covered_display": "0", "missing_lines": 43, "excluded_lines": 0, "percent_statements_covered": 0.0, "percent_statements_covered_display": "0"}, "missing_lines": [45, 46, 48, 49, 51, 52, 54, 55, 56, 57, 58, 59, 65, 66, 67, 68, 71, 76, 77, 80, 81, 82, 86, 87, 88, 89, 93, 94, 96, 97, 98, 99, 101, 103, 105, 106, 107, 110, 113, 114, 115, 116, 123], "excluded_lines": [], "start_line": 40}, "MCTSSolver._select_child": {"executed_lines": [], "summary": {"covered_lines": 0, "num_statements": 23, "percent_covered": 0.0, "percent_covered_display": "0", "missing_lines": 23, "excluded_lines": 0, "percent_statements_covered": 0.0, "percent_statements_covered_display": "0"}, "missing_lines": [131, 132, 135, 137, 138, 139, 140, 143, 145, 147, 149, 155, 157, 158, 161, 162, 164, 165, 166, 168, 169, 170, 172], "excluded_lines": [], "start_line": 125}, "MCTSSolver._expand": {"executed_lines": [], "summary": {"covered_lines": 0, "num_statements": 5, "percent_covered": 0.0, "percent_covered_display": "0", "missing_lines": 5, "excluded_lines": 0, "percent_statements_covered": 0.0, "percent_statements_covered_display": "0"}, "missing_lines": [176, 177, 178, 179, 180], "excluded_lines": [], "start_line": 174}, "MCTSSolver._expand_with_policy": {"executed_lines": [], "summary": {"covered_lines": 0, "num_statements": 22, "percent_covered": 0.0, "percent_covered_display": "0", "missing_lines": 22, "excluded_lines": 0, "percent_statements_covered": 0.0, "percent_statements_covered_display": "0"}, "missing_lines": [184, 186, 188, 189, 190, 191, 194, 195, 201, 205, 207, 208, 210, 228, 230, 231, 232, 242, 243, 246, 247, 249], "excluded_lines": [], "start_line": 182}, "MCTSSolver._expand_all_children": {"executed_lines": [], "summary": {"covered_lines": 0, "num_statements": 7, "percent_covered": 0.0, "percent_covered_display": "0", "missing_lines": 7, "excluded_lines": 0, "percent_statements_covered": 0.0, "percent_statements_covered_display": "0"}, "missing_lines": [253, 254, 256, 257, 258, 259, 262], "excluded_lines": [], "start_line": 251}, "MCTSSolver._backpropagate": {"executed_lines": [], "summary": {"covered_lines": 0, "num_statements": 4, "percent_covered": 0.0, "percent_covered_display": "0", "missing_lines": 4, "excluded_lines": 0, "percent_statements_covered": 0.0, "percent_statements_covered_display": "0"}, "missing_lines": [265, 266, 267, 268], "excluded_lines": [], "start_line": 264}, "": {"executed_lines": [2, 3, 4, 5, 6, 8, 9, 18, 19, 23, 40, 125, 174, 182, 251, 264], "summary": {"covered_lines": 16, "num_statements": 16, "percent_covered": 100.0, "percent_covered_display": "100", "missing_lines": 0, "excluded_lines": 0, "percent_statements_covered": 100.0, "percent_statements_covered_display": "100"}, "missing_lines": [], "excluded_lines": [], "start_line": 1}}, "classes": {"MCTSNode": {"executed_lines": [], "summary": {"covered_lines": 0, "num_statements": 7, "percent_covered": 0.0, "percent_covered_display": "0", "missing_lines": 7, "excluded_lines": 0, "percent_statements_covered": 0.0, "percent_statements_covered_display": "0"}, "missing_lines": [10, 11, 12, 13, 14, 15, 16], "excluded_lines": [], "start_line": 8}, "MCTSSolver": {"executed_lines": [20, 21], "summary": {"covered_lines": 2, "num_statements": 111, "percent_covered": 1.8018018018018018, "percent_covered_display": "2", "missing_lines": 109, "excluded_lines": 0, "percent_statements_covered": 1.8018018018018018, "percent_statements_covered_display": "2"}, "missing_lines": [30, 31, 34, 36, 38, 45, 46, 48, 49, 51, 52, 54, 55, 56, 57, 58, 59, 65, 66, 67, 68, 71, 76, 77, 80, 81, 82, 86, 87, 88, 89, 93, 94, 96, 97, 98, 99, 101, 103, 105, 106, 107, 110, 113, 114, 115, 116, 123, 131, 132, 135, 137, 138, 139, 140, 143, 145, 147, 149, 155, 157, 158, 161, 162, 164, 165, 166, 168, 169, 170, 172, 176, 177, 178, 179, 180, 184, 186, 188, 189, 190, 191, 194, 195, 201, 205, 207, 208, 210, 228, 230, 231, 232, 242, 243, 246, 247, 249, 253, 254, 256, 257, 258, 259, 262, 265, 266, 267, 268], "excluded_lines": [], "start_line": 18}, "": {"executed_lines": [2, 3, 4, 5, 6, 8, 9, 18, 19, 23, 40, 125, 174, 182, 251, 264], "summary": {"covered_lines": 16, "num_statements": 16, "percent_covered": 100.0, "percent_covered_display": "100", "missing_lines": 0, "excluded_lines": 0, "percent_statements_covered": 100.0, "percent_statements_covered_display": "100"}, "missing_lines": [], "excluded_lines": [], "start_line": 1}}}, "ai_worker\\mcts\\utils.py": {"executed_lines": [1, 2, 3, 4, 5, 7, 198], "summary": {"covered_lines": 7, "num_statements": 111, "percent_covered": 6.306306306306307, "percent_covered_display": "6", "missing_lines": 104, "excluded_lines": 0, "percent_statements_covered": 6.306306306306307, "percent_statements_covered_display": "6"}, "missing_lines": [15, 16, 17, 18, 19, 23, 24, 25, 27, 28, 29, 32, 34, 37, 40, 41, 42, 43, 51, 52, 59, 63, 66, 79, 81, 82, 83, 85, 87, 88, 89, 90, 91, 97, 102, 103, 105, 106, 109, 110, 112, 115, 116, 117, 118, 119, 124, 127, 130, 137, 138, 139, 140, 141, 142, 145, 146, 147, 149, 150, 151, 152, 154, 158, 160, 162, 164, 165, 166, 170, 171, 172, 173, 174, 175, 176, 177, 178, 179, 181, 183, 184, 186, 187, 188, 189, 191, 194, 196, 199, 202, 203, 204, 205, 206, 207, 209, 211, 212, 213, 214, 216, 217, 218], "excluded_lines": [], "functions": {"generate_random_distribution": {"executed_lines": [], "summary": {"covered_lines": 0, "num_statements": 89, "percent_covered": 0.0, "percent_covered_display": "0", "missing_lines": 89, "excluded_lines": 0, "percent_statements_covered": 0.0, "percent_statements_covered_display": "0"}, "missing_lines": [15, 16, 17, 18, 19, 23, 24, 25, 27, 28, 29, 32, 34, 37, 40, 41, 42, 43, 51, 52, 59, 63, 66, 79, 81, 82, 83, 85, 87, 88, 89, 90, 91, 97, 102, 103, 105, 106, 109, 110, 112, 115, 116, 117, 118, 119, 124, 127, 130, 137, 138, 139, 140, 141, 142, 145, 146, 147, 149, 150, 151, 152, 154, 158, 160, 162, 164, 165, 166, 170, 171, 172, 173, 174, 175, 176, 177, 178, 179, 181, 183, 184, 186, 187, 188, 189, 191, 194, 196], "excluded_lines": [], "start_line": 7}, "_naive_distribution": {"executed_lines": [], "summary": {"covered_lines": 0, "num_statements": 15, "percent_covered": 0.0, "percent_covered_display": "0", "missing_lines": 15, "excluded_lines": 0, "percent_statements_covered": 0.0, "percent_statements_covered_display": "0"}, "missing_lines": [199, 202, 203, 204, 205, 206, 207, 209, 211, 212, 213, 214, 216, 217, 218], "excluded_lines": [], "start_line": 198}, "": {"executed_lines": [1, 2, 3, 4, 5, 7, 198], "summary": {"covered_lines": 7, "num_statements": 7, "percent_covered": 100.0, "percent_covered_display": "100", "missing_lines": 0, "excluded_lines": 0, "percent_statements_covered": 100.0, "percent_statements_covered_display": "100"}, "missing_lines": [], "excluded_lines": [], "start_line": 1}}, "classes": {"": {"executed_lines": [1, 2, 3, 4, 5, 7, 198], "summary": {"covered_lines": 7, "num_statements": 111, "percent_covered": 6.306306306306307, "percent_covered_display": "6", "missing_lines": 104, "excluded_lines": 0, "percent_statements_covered": 6.306306306306307, "percent_statements_covered_display": "6"}, "missing_lines": [15, 16, 17, 18, 19, 23, 24, 25, 27, 28, 29, 32, 34, 37, 40, 41, 42, 43, 51, 52, 59, 63, 66, 79, 81, 82, 83, 85, 87, 88, 89, 90, 91, 97, 102, 103, 105, 106, 109, 110, 112, 115, 116, 117, 118, 119, 124, 127, 130, 137, 138, 139, 140, 141, 142, 145, 146, 147, 149, 150, 151, 152, 154, 158, 160, 162, 164, 165, 166, 170, 171, 172, 173, 174, 175, 176, 177, 178, 179, 181, 183, 184, 186, 187, 188, 189, 191, 194, 196, 199, 202, 203, 204, 205, 206, 207, 209, 211, 212, 213, 214, 216, 217, 218], "excluded_lines": [], "start_line": 1}}}, "ai_worker\\memory.py": {"executed_lines": [1, 3, 5, 6, 8, 9, 10, 12, 15, 24, 27, 28, 29, 30, 31, 32, 34, 38, 40, 42, 44, 47, 142, 147, 150, 153, 166, 183, 198, 202, 208, 263, 267, 272], "summary": {"covered_lines": 34, "num_statements": 158, "percent_covered": 21.518987341772153, "percent_covered_display": "22", "missing_lines": 124, "excluded_lines": 0, "percent_statements_covered": 21.518987341772153, "percent_statements_covered_display": "22"}, "missing_lines": [13, 16, 17, 18, 19, 20, 21, 22, 25, 45, 56, 59, 60, 61, 67, 71, 72, 74, 75, 76, 78, 81, 82, 84, 86, 88, 89, 90, 93, 94, 95, 97, 98, 101, 105, 106, 107, 109, 112, 114, 115, 118, 119, 128, 135, 136, 137, 140, 144, 145, 148, 151, 159, 160, 161, 162, 171, 180, 181, 189, 190, 192, 193, 194, 195, 196, 200, 204, 213, 214, 215, 216, 219, 220, 222, 223, 224, 225, 228, 229, 230, 232, 233, 234, 237, 238, 239, 241, 242, 244, 245, 246, 248, 249, 251, 255, 258, 259, 261, 265, 269, 270, 276, 277, 279, 280, 281, 282, 284, 286, 288, 289, 290, 291, 292, 294, 295, 296, 297, 298, 299, 300, 301, 303], "excluded_lines": [], "functions": {"CardMemory.__init__": {"executed_lines": [10], "summary": {"covered_lines": 1, "num_statements": 1, "percent_covered": 100.0, "percent_covered_display": "100", "missing_lines": 0, "excluded_lines": 0, "percent_statements_covered": 100.0, "percent_statements_covered_display": "100"}, "missing_lines": [], "excluded_lines": [], "start_line": 9}, "CardMemory.is_card_played": {"executed_lines": [], "summary": {"covered_lines": 0, "num_statements": 1, "percent_covered": 0.0, "percent_covered_display": "0", "missing_lines": 1, "excluded_lines": 0, "percent_statements_covered": 0.0, "percent_statements_covered_display": "0"}, "missing_lines": [13], "excluded_lines": [], "start_line": 12}, "CardMemory.get_remaining_cards": {"executed_lines": [], "summary": {"covered_lines": 0, "num_statements": 7, "percent_covered": 0.0, "percent_covered_display": "0", "missing_lines": 7, "excluded_lines": 0, "percent_statements_covered": 0.0, "percent_statements_covered_display": "0"}, "missing_lines": [16, 17, 18, 19, 20, 21, 22], "excluded_lines": [], "start_line": 15}, "CardMemory.get_remaining_in_suit": {"executed_lines": [], "summary": {"covered_lines": 0, "num_statements": 1, "percent_covered": 0.0, "percent_covered_display": "0", "missing_lines": 1, "excluded_lines": 0, "percent_statements_covered": 0.0, "percent_statements_covered_display": "0"}, "missing_lines": [25], "excluded_lines": [], "start_line": 24}, "CardMemory.reset": {"executed_lines": [28, 29, 30, 31, 32, 34, 38, 40, 42], "summary": {"covered_lines": 9, "num_statements": 9, "percent_covered": 100.0, "percent_covered_display": "100", "missing_lines": 0, "excluded_lines": 0, "percent_statements_covered": 100.0, "percent_statements_covered_display": "100"}, "missing_lines": [], "excluded_lines": [], "start_line": 27}, "CardMemory.mark_played": {"executed_lines": [], "summary": {"covered_lines": 0, "num_statements": 1, "percent_covered": 0.0, "percent_covered_display": "0", "missing_lines": 1, "excluded_lines": 0, "percent_statements_covered": 0.0, "percent_statements_covered_display": "0"}, "missing_lines": [45], "excluded_lines": [], "start_line": 44}, "CardMemory.populate_from_state": {"executed_lines": [], "summary": {"covered_lines": 0, "num_statements": 38, "percent_covered": 0.0, "percent_covered_display": "0", "missing_lines": 38, "excluded_lines": 0, "percent_statements_covered": 0.0, "percent_statements_covered_display": "0"}, "missing_lines": [56, 59, 60, 61, 67, 71, 72, 74, 75, 76, 78, 81, 82, 84, 86, 88, 89, 90, 93, 94, 95, 97, 98, 101, 105, 106, 107, 109, 112, 114, 115, 118, 119, 128, 135, 136, 137, 140], "excluded_lines": [], "start_line": 47}, "CardMemory.mark_void": {"executed_lines": [], "summary": {"covered_lines": 0, "num_statements": 2, "percent_covered": 0.0, "percent_covered_display": "0", "missing_lines": 2, "excluded_lines": 0, "percent_statements_covered": 0.0, "percent_statements_covered_display": "0"}, "missing_lines": [144, 145], "excluded_lines": [], "start_line": 142}, "CardMemory.is_void": {"executed_lines": [], "summary": {"covered_lines": 0, "num_statements": 1, "percent_covered": 0.0, "percent_covered_display": "0", "missing_lines": 1, "excluded_lines": 0, "percent_statements_covered": 0.0, "percent_statements_covered_display": "0"}, "missing_lines": [148], "excluded_lines": [], "start_line": 147}, "CardMemory.get_remaining_trumps": {"executed_lines": [], "summary": {"covered_lines": 0, "num_statements": 1, "percent_covered": 0.0, "percent_covered_display": "0", "missing_lines": 1, "excluded_lines": 0, "percent_statements_covered": 0.0, "percent_statements_covered_display": "0"}, "missing_lines": [151], "excluded_lines": [], "start_line": 150}, "CardMemory.check_contradiction": {"executed_lines": [], "summary": {"covered_lines": 0, "num_statements": 4, "percent_covered": 0.0, "percent_covered_display": "0", "missing_lines": 4, "excluded_lines": 0, "percent_statements_covered": 0.0, "percent_statements_covered_display": "0"}, "missing_lines": [159, 160, 161, 162], "excluded_lines": [], "start_line": 153}, "CardMemory.record_suspected_crime": {"executed_lines": [], "summary": {"covered_lines": 0, "num_statements": 3, "percent_covered": 0.0, "percent_covered_display": "0", "missing_lines": 3, "excluded_lines": 0, "percent_statements_covered": 0.0, "percent_statements_covered_display": "0"}, "missing_lines": [171, 180, 181], "excluded_lines": [], "start_line": 166}, "CardMemory.check_for_proof": {"executed_lines": [], "summary": {"covered_lines": 0, "num_statements": 7, "percent_covered": 0.0, "percent_covered_display": "0", "missing_lines": 7, "excluded_lines": 0, "percent_statements_covered": 0.0, "percent_statements_covered_display": "0"}, "missing_lines": [189, 190, 192, 193, 194, 195, 196], "excluded_lines": [], "start_line": 183}, "CardMemory.get_proven_crimes": {"executed_lines": [], "summary": {"covered_lines": 0, "num_statements": 1, "percent_covered": 0.0, "percent_covered_display": "0", "missing_lines": 1, "excluded_lines": 0, "percent_statements_covered": 0.0, "percent_statements_covered_display": "0"}, "missing_lines": [200], "excluded_lines": [], "start_line": 198}, "CardMemory.get_unproven_suspects": {"executed_lines": [], "summary": {"covered_lines": 0, "num_statements": 1, "percent_covered": 0.0, "percent_covered_display": "0", "missing_lines": 1, "excluded_lines": 0, "percent_statements_covered": 0.0, "percent_statements_covered_display": "0"}, "missing_lines": [204], "excluded_lines": [], "start_line": 202}, "CardMemory._update_bayesian_probabilities": {"executed_lines": [], "summary": {"covered_lines": 0, "num_statements": 31, "percent_covered": 0.0, "percent_covered_display": "0", "missing_lines": 31, "excluded_lines": 0, "percent_statements_covered": 0.0, "percent_statements_covered_display": "0"}, "missing_lines": [213, 214, 215, 216, 219, 220, 222, 223, 224, 225, 228, 229, 230, 232, 233, 234, 237, 238, 239, 241, 242, 244, 245, 246, 248, 249, 251, 255, 258, 259, 261], "excluded_lines": [], "start_line": 208}, "CardMemory.get_suit_probability": {"executed_lines": [], "summary": {"covered_lines": 0, "num_statements": 1, "percent_covered": 0.0, "percent_covered_display": "0", "missing_lines": 1, "excluded_lines": 0, "percent_statements_covered": 0.0, "percent_statements_covered_display": "0"}, "missing_lines": [265], "excluded_lines": [], "start_line": 263}, "CardMemory.get_likely_holdings": {"executed_lines": [], "summary": {"covered_lines": 0, "num_statements": 2, "percent_covered": 0.0, "percent_covered_display": "0", "missing_lines": 2, "excluded_lines": 0, "percent_statements_covered": 0.0, "percent_statements_covered_display": "0"}, "missing_lines": [269, 270], "excluded_lines": [], "start_line": 267}, "CardMemory.is_master": {"executed_lines": [], "summary": {"covered_lines": 0, "num_statements": 22, "percent_covered": 0.0, "percent_covered_display": "0", "missing_lines": 22, "excluded_lines": 0, "percent_statements_covered": 0.0, "percent_statements_covered_display": "0"}, "missing_lines": [276, 277, 279, 280, 281, 282, 284, 286, 288, 289, 290, 291, 292, 294, 295, 296, 297, 298, 299, 300, 301, 303], "excluded_lines": [], "start_line": 272}, "": {"executed_lines": [1, 3, 5, 6, 8, 9, 12, 15, 24, 27, 44, 47, 142, 147, 150, 153, 166, 183, 198, 202, 208, 263, 267, 272], "summary": {"covered_lines": 24, "num_statements": 24, "percent_covered": 100.0, "percent_covered_display": "100", "missing_lines": 0, "excluded_lines": 0, "percent_statements_covered": 100.0, "percent_statements_covered_display": "100"}, "missing_lines": [], "excluded_lines": [], "start_line": 1}}, "classes": {"CardMemory": {"executed_lines": [10, 28, 29, 30, 31, 32, 34, 38, 40, 42], "summary": {"covered_lines": 10, "num_statements": 134, "percent_covered": 7.462686567164179, "percent_covered_display": "7", "missing_lines": 124, "excluded_lines": 0, "percent_statements_covered": 7.462686567164179, "percent_statements_covered_display": "7"}, "missing_lines": [13, 16, 17, 18, 19, 20, 21, 22, 25, 45, 56, 59, 60, 61, 67, 71, 72, 74, 75, 76, 78, 81, 82, 84, 86, 88, 89, 90, 93, 94, 95, 97, 98, 101, 105, 106, 107, 109, 112, 114, 115, 118, 119, 128, 135, 136, 137, 140, 144, 145, 148, 151, 159, 160, 161, 162, 171, 180, 181, 189, 190, 192, 193, 194, 195, 196, 200, 204, 213, 214, 215, 216, 219, 220, 222, 223, 224, 225, 228, 229, 230, 232, 233, 234, 237, 238, 239, 241, 242, 244, 245, 246, 248, 249, 251, 255, 258, 259, 261, 265, 269, 270, 276, 277, 279, 280, 281, 282, 284, 286, 288, 289, 290, 291, 292, 294, 295, 296, 297, 298, 299, 300, 301, 303], "excluded_lines": [], "start_line": 8}, "": {"executed_lines": [1, 3, 5, 6, 8, 9, 12, 15, 24, 27, 44, 47, 142, 147, 150, 153, 166, 183, 198, 202, 208, 263, 267, 272], "summary": {"covered_lines": 24, "num_statements": 24, "percent_covered": 100.0, "percent_covered_display": "100", "missing_lines": 0, "excluded_lines": 0, "percent_statements_covered": 100.0, "percent_statements_covered_display": "100"}, "missing_lines": [], "excluded_lines": [], "start_line": 1}}}, "ai_worker\\memory_hall.py": {"executed_lines": [], "summary": {"covered_lines": 0, "num_statements": 76, "percent_covered": 0.0, "percent_covered_display": "0", "missing_lines": 76, "excluded_lines": 0, "percent_statements_covered": 0.0, "percent_statements_covered_display": "0"}, "missing_lines": [1, 2, 3, 6, 7, 8, 9, 10, 13, 14, 15, 16, 18, 20, 27, 28, 29, 31, 32, 33, 35, 36, 37, 38, 39, 40, 42, 53, 54, 56, 57, 60, 62, 63, 65, 68, 71, 72, 73, 74, 77, 78, 79, 81, 83, 84, 86, 90, 91, 93, 94, 95, 97, 98, 100, 101, 102, 104, 105, 106, 109, 110, 112, 113, 115, 116, 117, 118, 119, 120, 121, 123, 132, 133, 134, 137], "excluded_lines": [], "functions": {"MemoryHall.__init__": {"executed_lines": [], "summary": {"covered_lines": 0, "num_statements": 2, "percent_covered": 0.0, "percent_covered_display": "0", "missing_lines": 2, "excluded_lines": 0, "percent_statements_covered": 0.0, "percent_statements_covered_display": "0"}, "missing_lines": [28, 29], "excluded_lines": [], "start_line": 27}, "MemoryHall._connect": {"executed_lines": [], "summary": {"covered_lines": 0, "num_statements": 8, "percent_covered": 0.0, "percent_covered_display": "0", "missing_lines": 8, "excluded_lines": 0, "percent_statements_covered": 0.0, "percent_statements_covered_display": "0"}, "missing_lines": [32, 33, 35, 36, 37, 38, 39, 40], "excluded_lines": [], "start_line": 31}, "MemoryHall.remember_match": {"executed_lines": [], "summary": {"covered_lines": 0, "num_statements": 19, "percent_covered": 0.0, "percent_covered_display": "0", "missing_lines": 19, "excluded_lines": 0, "percent_statements_covered": 0.0, "percent_statements_covered_display": "0"}, "missing_lines": [53, 54, 56, 57, 60, 62, 63, 65, 68, 71, 72, 73, 74, 77, 78, 79, 81, 83, 84], "excluded_lines": [], "start_line": 42}, "MemoryHall.get_rivalry_summary": {"executed_lines": [], "summary": {"covered_lines": 0, "num_statements": 28, "percent_covered": 0.0, "percent_covered_display": "0", "missing_lines": 28, "excluded_lines": 0, "percent_statements_covered": 0.0, "percent_statements_covered_display": "0"}, "missing_lines": [90, 91, 93, 94, 95, 97, 98, 100, 101, 102, 104, 105, 106, 109, 110, 112, 113, 115, 116, 117, 118, 119, 120, 121, 123, 132, 133, 134], "excluded_lines": [], "start_line": 86}, "": {"executed_lines": [], "summary": {"covered_lines": 0, "num_statements": 19, "percent_covered": 0.0, "percent_covered_display": "0", "missing_lines": 19, "excluded_lines": 0, "percent_statements_covered": 0.0, "percent_statements_covered_display": "0"}, "missing_lines": [1, 2, 3, 6, 7, 8, 9, 10, 13, 14, 15, 16, 18, 20, 27, 31, 42, 86, 137], "excluded_lines": [], "start_line": 1}}, "classes": {"MemoryHall": {"executed_lines": [], "summary": {"covered_lines": 0, "num_statements": 57, "percent_covered": 0.0, "percent_covered_display": "0", "missing_lines": 57, "excluded_lines": 0, "percent_statements_covered": 0.0, "percent_statements_covered_display": "0"}, "missing_lines": [28, 29, 32, 33, 35, 36, 37, 38, 39, 40, 53, 54, 56, 57, 60, 62, 63, 65, 68, 71, 72, 73, 74, 77, 78, 79, 81, 83, 84, 90, 91, 93, 94, 95, 97, 98, 100, 101, 102, 104, 105, 106, 109, 110, 112, 113, 115, 116, 117, 118, 119, 120, 121, 123, 132, 133, 134], "excluded_lines": [], "start_line": 20}, "": {"executed_lines": [], "summary": {"covered_lines": 0, "num_statements": 19, "percent_covered": 0.0, "percent_covered_display": "0", "missing_lines": 19, "excluded_lines": 0, "percent_statements_covered": 0.0, "percent_statements_covered_display": "0"}, "missing_lines": [1, 2, 3, 6, 7, 8, 9, 10, 13, 14, 15, 16, 18, 20, 27, 31, 42, 86, 137], "excluded_lines": [], "start_line": 1}}}, "ai_worker\\mind_client.py": {"executed_lines": [], "summary": {"covered_lines": 0, "num_statements": 76, "percent_covered": 0.0, "percent_covered_display": "0", "missing_lines": 76, "excluded_lines": 0, "percent_statements_covered": 0.0, "percent_statements_covered_display": "0"}, "missing_lines": [2, 3, 4, 5, 6, 7, 9, 11, 12, 14, 15, 18, 20, 22, 23, 25, 26, 27, 28, 29, 30, 32, 33, 34, 35, 36, 38, 46, 52, 53, 54, 55, 56, 57, 60, 61, 65, 72, 74, 75, 77, 79, 80, 83, 84, 85, 86, 87, 89, 91, 92, 94, 96, 99, 100, 102, 103, 104, 106, 111, 113, 115, 117, 124, 127, 128, 129, 133, 139, 140, 141, 143, 147, 148, 152, 159], "excluded_lines": [], "functions": {"MindClient.__init__": {"executed_lines": [], "summary": {"covered_lines": 0, "num_statements": 16, "percent_covered": 0.0, "percent_covered_display": "0", "missing_lines": 16, "excluded_lines": 0, "percent_statements_covered": 0.0, "percent_statements_covered_display": "0"}, "missing_lines": [15, 18, 20, 22, 23, 25, 26, 27, 28, 29, 30, 32, 33, 34, 35, 36], "excluded_lines": [], "start_line": 14}, "MindClient._vectorize_history": {"executed_lines": [], "summary": {"covered_lines": 0, "num_statements": 25, "percent_covered": 0.0, "percent_covered_display": "0", "missing_lines": 25, "excluded_lines": 0, "percent_statements_covered": 0.0, "percent_statements_covered_display": "0"}, "missing_lines": [46, 52, 53, 54, 55, 56, 57, 60, 61, 65, 72, 74, 75, 77, 79, 80, 83, 84, 85, 86, 87, 89, 91, 92, 94], "excluded_lines": [], "start_line": 38}, "MindClient._card_to_str": {"executed_lines": [], "summary": {"covered_lines": 0, "num_statements": 5, "percent_covered": 0.0, "percent_covered_display": "0", "missing_lines": 5, "excluded_lines": 0, "percent_statements_covered": 0.0, "percent_statements_covered_display": "0"}, "missing_lines": [99, 100, 102, 103, 104], "excluded_lines": [], "start_line": 96}, "MindClient.infer_hands": {"executed_lines": [], "summary": {"covered_lines": 0, "num_statements": 12, "percent_covered": 0.0, "percent_covered_display": "0", "missing_lines": 12, "excluded_lines": 0, "percent_statements_covered": 0.0, "percent_statements_covered_display": "0"}, "missing_lines": [111, 113, 115, 117, 124, 127, 128, 129, 133, 139, 140, 141], "excluded_lines": [], "start_line": 106}, "MindClient.get_heatmap": {"executed_lines": [], "summary": {"covered_lines": 0, "num_statements": 3, "percent_covered": 0.0, "percent_covered_display": "0", "missing_lines": 3, "excluded_lines": 0, "percent_statements_covered": 0.0, "percent_statements_covered_display": "0"}, "missing_lines": [147, 148, 152], "excluded_lines": [], "start_line": 143}, "": {"executed_lines": [], "summary": {"covered_lines": 0, "num_statements": 15, "percent_covered": 0.0, "percent_covered_display": "0", "missing_lines": 15, "excluded_lines": 0, "percent_statements_covered": 0.0, "percent_statements_covered_display": "0"}, "missing_lines": [2, 3, 4, 5, 6, 7, 9, 11, 12, 14, 38, 96, 106, 143, 159], "excluded_lines": [], "start_line": 1}}, "classes": {"MindClient": {"executed_lines": [], "summary": {"covered_lines": 0, "num_statements": 61, "percent_covered": 0.0, "percent_covered_display": "0", "missing_lines": 61, "excluded_lines": 0, "percent_statements_covered": 0.0, "percent_statements_covered_display": "0"}, "missing_lines": [15, 18, 20, 22, 23, 25, 26, 27, 28, 29, 30, 32, 33, 34, 35, 36, 46, 52, 53, 54, 55, 56, 57, 60, 61, 65, 72, 74, 75, 77, 79, 80, 83, 84, 85, 86, 87, 89, 91, 92, 94, 99, 100, 102, 103, 104, 111, 113, 115, 117, 124, 127, 128, 129, 133, 139, 140, 141, 147, 148, 152], "excluded_lines": [], "start_line": 11}, "": {"executed_lines": [], "summary": {"covered_lines": 0, "num_statements": 15, "percent_covered": 0.0, "percent_covered_display": "0", "missing_lines": 15, "excluded_lines": 0, "percent_statements_covered": 0.0, "percent_statements_covered_display": "0"}, "missing_lines": [2, 3, 4, 5, 6, 7, 9, 11, 12, 14, 38, 96, 106, 143, 159], "excluded_lines": [], "start_line": 1}}}, "ai_worker\\mock_redis.py": {"executed_lines": [], "summary": {"covered_lines": 0, "num_statements": 33, "percent_covered": 0.0, "percent_covered_display": "0", "missing_lines": 33, "excluded_lines": 0, "percent_statements_covered": 0.0, "percent_statements_covered_display": "0"}, "missing_lines": [2, 3, 4, 6, 7, 9, 10, 12, 13, 14, 16, 17, 19, 20, 24, 26, 27, 28, 29, 30, 31, 32, 34, 35, 36, 37, 38, 40, 41, 43, 44, 46, 47], "excluded_lines": [], "functions": {"MockRedis.__init__": {"executed_lines": [], "summary": {"covered_lines": 0, "num_statements": 1, "percent_covered": 0.0, "percent_covered_display": "0", "missing_lines": 1, "excluded_lines": 0, "percent_statements_covered": 0.0, "percent_statements_covered_display": "0"}, "missing_lines": [4], "excluded_lines": [], "start_line": 3}, "MockRedis.from_url": {"executed_lines": [], "summary": {"covered_lines": 0, "num_statements": 1, "percent_covered": 0.0, "percent_covered_display": "0", "missing_lines": 1, "excluded_lines": 0, "percent_statements_covered": 0.0, "percent_statements_covered_display": "0"}, "missing_lines": [7], "excluded_lines": [], "start_line": 6}, "MockRedis.get": {"executed_lines": [], "summary": {"covered_lines": 0, "num_statements": 1, "percent_covered": 0.0, "percent_covered_display": "0", "missing_lines": 1, "excluded_lines": 0, "percent_statements_covered": 0.0, "percent_statements_covered_display": "0"}, "missing_lines": [10], "excluded_lines": [], "start_line": 9}, "MockRedis.set": {"executed_lines": [], "summary": {"covered_lines": 0, "num_statements": 2, "percent_covered": 0.0, "percent_covered_display": "0", "missing_lines": 2, "excluded_lines": 0, "percent_statements_covered": 0.0, "percent_statements_covered_display": "0"}, "missing_lines": [13, 14], "excluded_lines": [], "start_line": 12}, "MockRedis.mget": {"executed_lines": [], "summary": {"covered_lines": 0, "num_statements": 1, "percent_covered": 0.0, "percent_covered_display": "0", "missing_lines": 1, "excluded_lines": 0, "percent_statements_covered": 0.0, "percent_statements_covered_display": "0"}, "missing_lines": [17], "excluded_lines": [], "start_line": 16}, "MockRedis.keys": {"executed_lines": [], "summary": {"covered_lines": 0, "num_statements": 2, "percent_covered": 0.0, "percent_covered_display": "0", "missing_lines": 2, "excluded_lines": 0, "percent_statements_covered": 0.0, "percent_statements_covered_display": "0"}, "missing_lines": [20, 24], "excluded_lines": [], "start_line": 19}, "MockRedis.lpush": {"executed_lines": [], "summary": {"covered_lines": 0, "num_statements": 6, "percent_covered": 0.0, "percent_covered_display": "0", "missing_lines": 6, "excluded_lines": 0, "percent_statements_covered": 0.0, "percent_statements_covered_display": "0"}, "missing_lines": [27, 28, 29, 30, 31, 32], "excluded_lines": [], "start_line": 26}, "MockRedis.delete": {"executed_lines": [], "summary": {"covered_lines": 0, "num_statements": 4, "percent_covered": 0.0, "percent_covered_display": "0", "missing_lines": 4, "excluded_lines": 0, "percent_statements_covered": 0.0, "percent_statements_covered_display": "0"}, "missing_li
[...]
ary": {"covered_lines": 45, "num_statements": 45, "percent_covered": 100.0, "percent_covered_display": "100", "missing_lines": 0, "excluded_lines": 0, "percent_statements_covered": 100.0, "percent_statements_covered_display": "100"}, "missing_lines": [], "excluded_lines": [], "functions": {"": {"executed_lines": [1, 2, 4, 5, 6, 7, 8, 10, 11, 12, 13, 14, 15, 16, 17, 18, 20, 21, 22, 23, 24, 25, 26, 27, 28, 30, 31, 32, 33, 34, 35, 36, 38, 39, 40, 41, 42, 43, 44, 45, 46, 47, 49, 50, 51], "summary": {"covered_lines": 45, "num_statements": 45, "percent_covered": 100.0, "percent_covered_display": "100", "missing_lines": 0, "excluded_lines": 0, "percent_statements_covered": 100.0, "percent_statements_covered_display": "100"}, "missing_lines": [], "excluded_lines": [], "start_line": 1}}, "classes": {"Suit": {"executed_lines": [], "summary": {"covered_lines": 0, "num_statements": 0, "percent_covered": 100.0, "percent_covered_display": "100", "missing_lines": 0, "excluded_lines": 0, "percent_statements_covered": 100.0, "percent_statements_covered_display": "100"}, "missing_lines": [], "excluded_lines": [], "start_line": 4}, "Rank": {"executed_lines": [], "summary": {"covered_lines": 0, "num_statements": 0, "percent_covered": 100.0, "percent_covered_display": "100", "missing_lines": 0, "excluded_lines": 0, "percent_statements_covered": 100.0, "percent_statements_covered_display": "100"}, "missing_lines": [], "excluded_lines": [], "start_line": 10}, "GamePhase": {"executed_lines": [], "summary": {"covered_lines": 0, "num_statements": 0, "percent_covered": 100.0, "percent_covered_display": "100", "missing_lines": 0, "excluded_lines": 0, "percent_statements_covered": 100.0, "percent_statements_covered_display": "100"}, "missing_lines": [], "excluded_lines": [], "start_line": 20}, "BiddingPhase": {"executed_lines": [], "summary": {"covered_lines": 0, "num_statements": 0, "percent_covered": 100.0, "percent_covered_display": "100", "missing_lines": 0, "excluded_lines": 0, "percent_statements_covered": 100.0, "percent_statements_covered_display": "100"}, "missing_lines": [], "excluded_lines": [], "start_line": 30}, "BidType": {"executed_lines": [], "summary": {"covered_lines": 0, "num_statements": 0, "percent_covered": 100.0, "percent_covered_display": "100", "missing_lines": 0, "excluded_lines": 0, "percent_statements_covered": 100.0, "percent_statements_covered_display": "100"}, "missing_lines": [], "excluded_lines": [], "start_line": 38}, "Team": {"executed_lines": [], "summary": {"covered_lines": 0, "num_statements": 0, "percent_covered": 100.0, "percent_covered_display": "100", "missing_lines": 0, "excluded_lines": 0, "percent_statements_covered": 100.0, "percent_statements_covered_display": "100"}, "missing_lines": [], "excluded_lines": [], "start_line": 49}, "": {"executed_lines": [1, 2, 4, 5, 6, 7, 8, 10, 11, 12, 13, 14, 15, 16, 17, 18, 20, 21, 22, 23, 24, 25, 26, 27, 28, 30, 31, 32, 33, 34, 35, 36, 38, 39, 40, 41, 42, 43, 44, 45, 46, 47, 49, 50, 51], "summary": {"covered_lines": 45, "num_statements": 45, "percent_covered": 100.0, "percent_covered_display": "100", "missing_lines": 0, "excluded_lines": 0, "percent_statements_covered": 100.0, "percent_statements_covered_display": "100"}, "missing_lines": [], "excluded_lines": [], "start_line": 1}}}, "server\\schemas\\cards.py": {"executed_lines": [1, 2, 3, 5, 6, 7, 8, 9, 11, 13, 14], "summary": {"covered_lines": 11, "num_statements": 11, "percent_covered": 100.0, "percent_covered_display": "100", "missing_lines": 0, "excluded_lines": 0, "percent_statements_covered": 100.0, "percent_statements_covered_display": "100"}, "missing_lines": [], "excluded_lines": [], "functions": {"": {"executed_lines": [1, 2, 3, 5, 6, 7, 8, 9, 11, 13, 14], "summary": {"covered_lines": 11, "num_statements": 11, "percent_covered": 100.0, "percent_covered_display": "100", "missing_lines": 0, "excluded_lines": 0, "percent_statements_covered": 100.0, "percent_statements_covered_display": "100"}, "missing_lines": [], "excluded_lines": [], "start_line": 1}}, "classes": {"CardModel": {"executed_lines": [], "summary": {"covered_lines": 0, "num_statements": 0, "percent_covered": 100.0, "percent_covered_display": "100", "missing_lines": 0, "excluded_lines": 0, "percent_statements_covered": 100.0, "percent_statements_covered_display": "100"}, "missing_lines": [], "excluded_lines": [], "start_line": 5}, "DeckModel": {"executed_lines": [], "summary": {"covered_lines": 0, "num_statements": 0, "percent_covered": 100.0, "percent_covered_display": "100", "missing_lines": 0, "excluded_lines": 0, "percent_statements_covered": 100.0, "percent_statements_covered_display": "100"}, "missing_lines": [], "excluded_lines": [], "start_line": 13}, "": {"executed_lines": [1, 2, 3, 5, 6, 7, 8, 9, 11, 13, 14], "summary": {"covered_lines": 11, "num_statements": 11, "percent_covered": 100.0, "percent_covered_display": "100", "missing_lines": 0, "excluded_lines": 0, "percent_statements_covered": 100.0, "percent_statements_covered_display": "100"}, "missing_lines": [], "excluded_lines": [], "start_line": 1}}}, "server\\schemas\\game.py": {"executed_lines": [1, 2, 3, 4, 6, 7, 8, 9, 10, 11, 12, 13, 14, 15, 16, 17, 18, 19, 20, 22, 23, 24, 25, 26, 28, 29, 30, 31, 32, 34, 35, 36, 38, 39, 40, 41, 42, 43, 44, 45, 46, 47, 48, 49, 50, 51, 52, 53, 54, 55, 56, 57, 58, 59, 60, 61, 62, 63, 64, 65, 66, 67, 68, 69, 70, 71, 72, 73, 74, 76], "summary": {"covered_lines": 70, "num_statements": 70, "percent_covered": 100.0, "percent_covered_display": "100", "missing_lines": 0, "excluded_lines": 0, "percent_statements_covered": 100.0, "percent_statements_covered_display": "100"}, "missing_lines": [], "excluded_lines": [], "functions": {"": {"executed_lines": [1, 2, 3, 4, 6, 7, 8, 9, 10, 11, 12, 13, 14, 15, 16, 17, 18, 19, 20, 22, 23, 24, 25, 26, 28, 29, 30, 31, 32, 34, 35, 36, 38, 39, 40, 41, 42, 43, 44, 45, 46, 47, 48, 49, 50, 51, 52, 53, 54, 55, 56, 57, 58, 59, 60, 61, 62, 63, 64, 65, 66, 67, 68, 69, 70, 71, 72, 73, 74, 76], "summary": {"covered_lines": 70, "num_statements": 70, "percent_covered": 100.0, "percent_covered_display": "100", "missing_lines": 0, "excluded_lines": 0, "percent_statements_covered": 100.0, "percent_statements_covered_display": "100"}, "missing_lines": [], "excluded_lines": [], "start_line": 1}}, "classes": {"PlayerModel": {"executed_lines": [], "summary": {"covered_lines": 0, "num_statements": 0, "percent_covered": 100.0, "percent_covered_display": "100", "missing_lines": 0, "excluded_lines": 0, "percent_statements_covered": 100.0, "percent_statements_covered_display": "100"}, "missing_lines": [], "excluded_lines": [], "start_line": 6}, "TableCardModel": {"executed_lines": [], "summary": {"covered_lines": 0, "num_statements": 0, "percent_covered": 100.0, "percent_covered_display": "100", "missing_lines": 0, "excluded_lines": 0, "percent_statements_covered": 100.0, "percent_statements_covered_display": "100"}, "missing_lines": [], "excluded_lines": [], "start_line": 22}, "TimerState": {"executed_lines": [], "summary": {"covered_lines": 0, "num_statements": 0, "percent_covered": 100.0, "percent_covered_display": "100", "missing_lines": 0, "excluded_lines": 0, "percent_statements_covered": 100.0, "percent_statements_covered_display": "100"}, "missing_lines": [], "excluded_lines": [], "start_line": 28}, "AnalyticsModel": {"executed_lines": [], "summary": {"covered_lines": 0, "num_statements": 0, "percent_covered": 100.0, "percent_covered_display": "100", "missing_lines": 0, "excluded_lines": 0, "percent_statements_covered": 100.0, "percent_statements_covered_display": "100"}, "missing_lines": [], "excluded_lines": [], "start_line": 34}, "GameStateModel": {"executed_lines": [], "summary": {"covered_lines": 0, "num_statements": 0, "percent_covered": 100.0, "percent_covered_display": "100", "missing_lines": 0, "excluded_lines": 0, "percent_statements_covered": 100.0, "percent_statements_covered_display": "100"}, "missing_lines": [], "excluded_lines": [], "start_line": 38}, "": {"executed_lines": [1, 2, 3, 4, 6, 7, 8, 9, 10, 11, 12, 13, 14, 15, 16, 17, 18, 19, 20, 22, 23, 24, 25, 26, 28, 29, 30, 31, 32, 34, 35, 36, 38, 39, 40, 41, 42, 43, 44, 45, 46, 47, 48, 49, 50, 51, 52, 53, 54, 55, 56, 57, 58, 59, 60, 61, 62, 63, 64, 65, 66, 67, 68, 69, 70, 71, 72, 73, 74, 76], "summary": {"covered_lines": 70, "num_statements": 70, "percent_covered": 100.0, "percent_covered_display": "100", "missing_lines": 0, "excluded_lines": 0, "percent_statements_covered": 100.0, "percent_statements_covered_display": "100"}, "missing_lines": [], "excluded_lines": [], "start_line": 1}}}, "server\\serializers.py": {"executed_lines": [2, 3, 4, 5, 6, 8], "summary": {"covered_lines": 6, "num_statements": 26, "percent_covered": 23.076923076923077, "percent_covered_display": "23", "missing_lines": 20, "excluded_lines": 0, "percent_statements_covered": 23.076923076923077, "percent_statements_covered_display": "23"}, "missing_lines": [22, 23, 26, 27, 30, 31, 34, 35, 38, 39, 42, 43, 46, 47, 50, 51, 52, 53, 55, 61], "excluded_lines": [], "functions": {"serialize": {"executed_lines": [], "summary": {"covered_lines": 0, "num_statements": 20, "percent_covered": 0.0, "percent_covered_display": "0", "missing_lines": 20, "excluded_lines": 0, "percent_statements_covered": 0.0, "percent_statements_covered_display": "0"}, "missing_lines": [22, 23, 26, 27, 30, 31, 34, 35, 38, 39, 42, 43, 46, 47, 50, 51, 52, 53, 55, 61], "excluded_lines": [], "start_line": 8}, "": {"executed_lines": [2, 3, 4, 5, 6, 8], "summary": {"covered_lines": 6, "num_statements": 6, "percent_covered": 100.0, "percent_covered_display": "100", "missing_lines": 0, "excluded_lines": 0, "percent_statements_covered": 100.0, "percent_statements_covered_display": "100"}, "missing_lines": [], "excluded_lines": [], "start_line": 1}}, "classes": {"": {"executed_lines": [2, 3, 4, 5, 6, 8], "summary": {"covered_lines": 6, "num_statements": 26, "percent_covered": 23.076923076923077, "percent_covered_display": "23", "missing_lines": 20, "excluded_lines": 0, "percent_statements_covered": 23.076923076923077, "percent_statements_covered_display": "23"}, "missing_lines": [22, 23, 26, 27, 30, 31, 34, 35, 38, 39, 42, 43, 46, 47, 50, 51, 52, 53, 55, 61], "excluded_lines": [], "start_line": 1}}}, "server\\services\\archiver.py": {"executed_lines": [1, 2, 3, 4, 6, 8, 12, 13, 14, 15, 18, 42, 43], "summary": {"covered_lines": 13, "num_statements": 20, "percent_covered": 65.0, "percent_covered_display": "65", "missing_lines": 7, "excluded_lines": 0, "percent_statements_covered": 65.0, "percent_statements_covered_display": "65"}, "missing_lines": [19, 21, 25, 26, 28, 36, 37], "excluded_lines": [], "functions": {"archive_match": {"executed_lines": [12, 13, 14, 15, 18, 42, 43], "summary": {"covered_lines": 7, "num_statements": 14, "percent_covered": 50.0, "percent_covered_display": "50", "missing_lines": 7, "excluded_lines": 0, "percent_statements_covered": 50.0, "percent_statements_covered_display": "50"}, "missing_lines": [19, 21, 25, 26, 28, 36, 37], "excluded_lines": [], "start_line": 8}, "": {"executed_lines": [1, 2, 3, 4, 6, 8], "summary": {"covered_lines": 6, "num_statements": 6, "percent_covered": 100.0, "percent_covered_display": "100", "missing_lines": 0, "excluded_lines": 0, "percent_statements_covered": 100.0, "percent_statements_covered_display": "100"}, "missing_lines": [], "excluded_lines": [], "start_line": 1}}, "classes": {"": {"executed_lines": [1, 2, 3, 4, 6, 8, 12, 13, 14, 15, 18, 42, 43], "summary": {"covered_lines": 13, "num_statements": 20, "percent_covered": 65.0, "percent_covered_display": "65", "missing_lines": 7, "excluded_lines": 0, "percent_statements_covered": 65.0, "percent_statements_covered_display": "65"}, "missing_lines": [19, 21, 25, 26, 28, 36, 37], "excluded_lines": [], "start_line": 1}}}, "server\\settings.py": {"executed_lines": [8, 9, 10, 13, 16, 17, 20, 21, 22, 23, 24, 27, 30, 33, 36, 40, 48, 51, 52, 53, 54, 55, 58, 59, 60, 61, 62, 63, 67, 74, 75, 76, 77, 80, 83, 84, 87, 88, 89, 90], "summary": {"covered_lines": 40, "num_statements": 40, "percent_covered": 100.0, "percent_covered_display": "100", "missing_lines": 0, "excluded_lines": 0, "percent_statements_covered": 100.0, "percent_statements_covered_display": "100"}, "missing_lines": [], "excluded_lines": [], "functions": {"": {"executed_lines": [8, 9, 10, 13, 16, 17, 20, 21, 22, 23, 24, 27, 30, 33, 36, 40, 48, 51, 52, 53, 54, 55, 58, 59, 60, 61, 62, 63, 67, 74, 75, 76, 77, 80, 83, 84, 87, 88, 89, 90], "summary": {"covered_lines": 40, "num_statements": 40, "percent_covered": 100.0, "percent_covered_display": "100", "missing_lines": 0, "excluded_lines": 0, "percent_statements_covered": 100.0, "percent_statements_covered_display": "100"}, "missing_lines": [], "excluded_lines": [], "start_line": 1}}, "classes": {"": {"executed_lines": [8, 9, 10, 13, 16, 17, 20, 21, 22, 23, 24, 27, 30, 33, 36, 40, 48, 51, 52, 53, 54, 55, 58, 59, 60, 61, 62, 63, 67, 74, 75, 76, 77, 80, 83, 84, 87, 88, 89, 90], "summary": {"covered_lines": 40, "num_statements": 40, "percent_covered": 100.0, "percent_covered_display": "100", "missing_lines": 0, "excluded_lines": 0, "percent_statements_covered": 100.0, "percent_statements_covered_display": "100"}, "missing_lines": [], "excluded_lines": [], "start_line": 1}}}, "server\\sherlock_scanner.py": {"executed_lines": [], "summary": {"covered_lines": 0, "num_statements": 114, "percent_covered": 0.0, "percent_covered_display": "0", "missing_lines": 114, "excluded_lines": 0, "percent_statements_covered": 0.0, "percent_statements_covered_display": "0"}, "missing_lines": [7, 8, 9, 11, 12, 13, 14, 16, 19, 22, 24, 25, 28, 35, 36, 37, 38, 40, 41, 42, 43, 46, 52, 53, 57, 58, 59, 61, 62, 63, 64, 65, 66, 69, 70, 71, 72, 74, 75, 78, 80, 81, 82, 83, 84, 85, 86, 89, 90, 91, 94, 95, 97, 98, 99, 101, 102, 103, 104, 105, 107, 110, 111, 112, 113, 116, 117, 118, 119, 120, 121, 122, 127, 128, 129, 132, 133, 134, 135, 136, 137, 139, 140, 141, 143, 144, 145, 146, 147, 148, 150, 152, 154, 156, 158, 159, 160, 161, 167, 168, 169, 170, 172, 173, 174, 175, 176, 178, 180, 181, 182, 183, 184, 185], "excluded_lines": [], "functions": {"_sherlock_log": {"executed_lines": [], "summary": {"covered_lines": 0, "num_statements": 2, "percent_covered": 0.0, "percent_covered_display": "0", "missing_lines": 2, "excluded_lines": 0, "percent_statements_covered": 0.0, "percent_statements_covered_display": "0"}, "missing_lines": [24, 25], "excluded_lines": [], "start_line": 22}, "_clear_illegal_flags_on_game": {"executed_lines": [], "summary": {"covered_lines": 0, "num_statements": 8, "percent_covered": 0.0, "percent_covered_display": "0", "missing_lines": 8, "excluded_lines": 0, "percent_statements_covered": 0.0, "percent_statements_covered_display": "0"}, "missing_lines": [35, 36, 37, 38, 40, 41, 42, 43], "excluded_lines": [], "start_line": 28}, "run_sherlock_scan": {"executed_lines": [], "summary": {"covered_lines": 0, "num_statements": 92, "percent_covered": 0.0, "percent_covered_display": "0", "missing_lines": 92, "excluded_lines": 0, "percent_statements_covered": 0.0, "percent_statements_covered_display": "0"}, "missing_lines": [52, 53, 57, 58, 59, 61, 62, 63, 64, 65, 66, 69, 70, 71, 72, 74, 75, 78, 80, 81, 82, 83, 84, 85, 86, 89, 90, 91, 94, 95, 97, 98, 99, 101, 102, 103, 104, 105, 107, 110, 111, 112, 113, 116, 117, 118, 119, 120, 121, 122, 127, 128, 129, 132, 133, 134, 135, 136, 137, 139, 140, 141, 143, 144, 145, 146, 147, 148, 150, 152, 154, 156, 158, 159, 160, 161, 167, 168, 169, 170, 172, 173, 174, 175, 176, 178, 180, 181, 182, 183, 184, 185], "excluded_lines": [], "start_line": 46}, "": {"executed_lines": [], "summary": {"covered_lines": 0, "num_statements": 12, "percent_covered": 0.0, "percent_covered_display": "0", "missing_lines": 12, "excluded_lines": 0, "percent_statements_covered": 0.0, "percent_statements_covered_display": "0"}, "missing_lines": [7, 8, 9, 11, 12, 13, 14, 16, 19, 22, 28, 46], "excluded_lines": [], "start_line": 1}}, "classes": {"": {"executed_lines": [], "summary": {"covered_lines": 0, "num_statements": 114, "percent_covered": 0.0, "percent_covered_display": "0", "missing_lines": 114, "excluded_lines": 0, "percent_statements_covered": 0.0, "percent_statements_covered_display": "0"}, "missing_lines": [7, 8, 9, 11, 12, 13, 14, 16, 19, 22, 24, 25, 28, 35, 36, 37, 38, 40, 41, 42, 43, 46, 52, 53, 57, 58, 59, 61, 62, 63, 64, 65, 66, 69, 70, 71, 72, 74, 75, 78, 80, 81, 82, 83, 84, 85, 86, 89, 90, 91, 94, 95, 97, 98, 99, 101, 102, 103, 104, 105, 107, 110, 111, 112, 113, 116, 117, 118, 119, 120, 121, 122, 127, 128, 129, 132, 133, 134, 135, 136, 137, 139, 140, 141, 143, 144, 145, 146, 147, 148, 150, 152, 154, 156, 158, 159, 160, 161, 167, 168, 169, 170, 172, 173, 174, 175, 176, 178, 180, 181, 182, 183, 184, 185], "excluded_lines": [], "start_line": 1}}}, "server\\socket_handler.py": {"executed_lines": [], "summary": {"covered_lines": 0, "num_statements": 14, "percent_covered": 0.0, "percent_covered_display": "0", "missing_lines": 14, "excluded_lines": 0, "percent_statements_covered": 0.0, "percent_statements_covered_display": "0"}, "missing_lines": [7, 8, 10, 13, 15, 18, 21, 24, 26, 27, 28, 31, 33, 35], "excluded_lines": [], "functions": {"timer_background_task": {"executed_lines": [], "summary": {"covered_lines": 0, "num_statements": 1, "percent_covered": 0.0, "percent_covered_display": "0", "missing_lines": 1, "excluded_lines": 0, "percent_statements_covered": 0.0, "percent_statements_covered_display": "0"}, "missing_lines": [35], "excluded_lines": [], "start_line": 33}, "": {"executed_lines": [], "summary": {"covered_lines": 0, "num_statements": 13, "percent_covered": 0.0, "percent_covered_display": "0", "missing_lines": 13, "excluded_lines": 0, "percent_statements_covered": 0.0, "percent_statements_covered_display": "0"}, "missing_lines": [7, 8, 10, 13, 15, 18, 21, 24, 26, 27, 28, 31, 33], "excluded_lines": [], "start_line": 1}}, "classes": {"": {"executed_lines": [], "summary": {"covered_lines": 0, "num_statements": 14, "percent_covered": 0.0, "percent_covered_display": "0", "missing_lines": 14, "excluded_lines": 0, "percent_statements_covered": 0.0, "percent_statements_covered_display": "0"}, "missing_lines": [7, 8, 10, 13, 15, 18, 21, 24, 26, 27, 28, 31, 33, 35], "excluded_lines": [], "start_line": 1}}}, "server\\tasks.py": {"executed_lines": [], "summary": {"covered_lines": 0, "num_statements": 9, "percent_covered": 0.0, "percent_covered_display": "0", "missing_lines": 9, "excluded_lines": 0, "percent_statements_covered": 0.0, "percent_statements_covered_display": "0"}, "missing_lines": [12, 15, 16, 17, 19, 21, 22, 24, 28], "excluded_lines": [], "functions": {"my_task": {"executed_lines": [], "summary": {"covered_lines": 0, "num_statements": 5, "percent_covered": 0.0, "percent_covered_display": "0", "missing_lines": 5, "excluded_lines": 0, "percent_statements_covered": 0.0, "percent_statements_covered_display": "0"}, "missing_lines": [17, 19, 21, 22, 24], "excluded_lines": [], "start_line": 16}, "": {"executed_lines": [], "summary": {"covered_lines": 0, "num_statements": 4, "percent_covered": 0.0, "percent_covered_display": "0", "missing_lines": 4, "excluded_lines": 0, "percent_statements_covered": 0.0, "percent_statements_covered_display": "0"}, "missing_lines": [12, 15, 16, 28], "excluded_lines": [], "start_line": 1}}, "classes": {"": {"executed_lines": [], "summary": {"covered_lines": 0, "num_statements": 9, "percent_covered": 0.0, "percent_covered_display": "0", "missing_lines": 9, "excluded_lines": 0, "percent_statements_covered": 0.0, "percent_statements_covered_display": "0"}, "missing_lines": [12, 15, 16, 17, 19, 21, 22, 24, 28], "excluded_lines": [], "start_line": 1}}}}, "totals": {"covered_lines": 2952, "num_statements": 8431, "percent_covered": 35.01364013758747, "percent_covered_display": "35", "missing_lines": 5479, "excluded_lines": 23, "percent_statements_covered": 35.01364013758747, "percent_statements_covered_display": "35"}}