============================= test session starts =============================
platform win32 -- Python 3.12.10, pytest-9.0.2, pluggy-1.6.0
rootdir: C:\Users\MiEXCITE\Projects\baloot-ai
configfile: pytest.ini
plugins: anyio-3.7.1, locust-2.43.1, base-url-2.1.0, cov-7.0.0, playwright-0.7.2
collected 1 item

tests\browser\test_ui_qayd.py 
üì∏ Failure screenshot saved: diagnostics\failure_test_qayd_flow[chromium]_20260205_234341.png

üìÑ Page URL: chrome-error://chromewebdata/
F                                          [100%]

================================== FAILURES ===================================
__________________________ test_qayd_flow[chromium] ___________________________

page = <Page url='chrome-error://chromewebdata/'>

    def test_qayd_flow(page: Page):
        """
        End-to-end verification of the Qayd flow in Single Player mode.
        """
        print("üåê Navigating to Game...")
>       page.goto("http://localhost:5173", timeout=15000)

tests\browser\test_ui_qayd.py:10: 
_ _ _ _ _ _ _ _ _ _ _ _ _ _ _ _ _ _ _ _ _ _ _ _ _ _ _ _ _ _ _ _ _ _ _ _ _ _ _ _
..\..\AppData\Local\Programs\Python\Python312\Lib\site-packages\playwright\sync_api\_generated.py:9054: in goto
    self._sync(
..\..\AppData\Local\Programs\Python\Python312\Lib\site-packages\playwright\_impl\_page.py:552: in goto
    return await self._main_frame.goto(**locals_to_params(locals()))
           ^^^^^^^^^^^^^^^^^^^^^^^^^^^^^^^^^^^^^^^^^^^^^^^^^^^^^^^^^
..\..\AppData\Local\Programs\Python\Python312\Lib\site-packages\playwright\_impl\_frame.py:153: in goto
    await self._channel.send(
..\..\AppData\Local\Programs\Python\Python312\Lib\site-packages\playwright\_impl\_connection.py:69: in send
    return await self._connection.wrap_api_call(
_ _ _ _ _ _ _ _ _ _ _ _ _ _ _ _ _ _ _ _ _ _ _ _ _ _ _ _ _ _ _ _ _ _ _ _ _ _ _ _

self = <playwright._impl._connection.Connection object at 0x000001650FA63E30>
cb = <function Channel.send.<locals>.<lambda> at 0x0000016510156020>
is_internal = False, title = None

    async def wrap_api_call(
        self, cb: Callable[[], Any], is_internal: bool = False, title: str = None
    ) -> Any:
        if self._api_zone.get():
            return await cb()
        task = asyncio.current_task(self._loop)
        st: List[inspect.FrameInfo] = getattr(
            task, "__pw_stack__", None
        ) or inspect.stack(0)
    
        parsed_st = _extract_stack_trace_information_from_stack(st, is_internal, title)
        self._api_zone.set(parsed_st)
        try:
            return await cb()
        except Exception as error:
>           raise rewrite_error(error, f"{parsed_st['apiName']}: {error}") from None
E           playwright._impl._errors.Error: Page.goto: net::ERR_CONNECTION_REFUSED at http://localhost:5173/
E           Call log:
E             - navigating to "http://localhost:5173/", waiting until "load"

..\..\AppData\Local\Programs\Python\Python312\Lib\site-packages\playwright\_impl\_connection.py:559: Error
---------------------------- Captured stdout call -----------------------------
üåê Navigating to Game...
============================== warnings summary ===============================
tests/browser/test_ui_qayd.py::test_qayd_flow[chromium]
  C:\Users\MiEXCITE\AppData\Local\Programs\Python\Python312\Lib\site-packages\ombott\request_pkg\props_mixin.py:2: DeprecationWarning: 'cgi' is deprecated and slated for removal in Python 3.13
    import cgi

-- Docs: https://docs.pytest.org/en/stable/how-to/capture-warnings.html
=========================== short test summary info ===========================
FAILED tests/browser/test_ui_qayd.py::test_qayd_flow[chromium] - playwright._...
======================== 1 failed, 1 warning in 5.00s =========================
